<?xml version="1.0" encoding="UTF-8"?>
<testsuite xmlns:xsi="http://www.w3.org/2001/XMLSchema-instance" xsi:noNamespaceSchemaLocation="https://maven.apache.org/surefire/maven-surefire-plugin/xsd/surefire-test-report.xsd" name="com.heima.search.test.ArticleESTest" time="1.983" tests="1" errors="1" skipped="0" failures="0">
  <properties>
    <property name="sun.desktop" value="windows"/>
    <property name="awt.toolkit" value="sun.awt.windows.WToolkit"/>
    <property name="file.encoding.pkg" value="sun.io"/>
    <property name="java.specification.version" value="1.8"/>
    <property name="sun.cpu.isalist" value="amd64"/>
    <property name="sun.jnu.encoding" value="GBK"/>
    <property name="java.class.path" value="C:\workspace\IDEA_workspace\heima-leadnews\heima-leadnews-service\heima-leadnews-search\target\test-classes;C:\workspace\IDEA_workspace\heima-leadnews\heima-leadnews-service\heima-leadnews-search\target\classes;C:\workspace\JAVA_LEARN\hmMavenRepo\respository_new\org\elasticsearch\client\elasticsearch-rest-high-level-client\7.4.0\elasticsearch-rest-high-level-client-7.4.0.jar;C:\workspace\JAVA_LEARN\hmMavenRepo\respository_new\org\elasticsearch\plugin\mapper-extras\7.4.0\mapper-extras-7.4.0.jar;C:\workspace\JAVA_LEARN\hmMavenRepo\respository_new\org\elasticsearch\plugin\parent-join-client\7.4.0\parent-join-client-7.4.0.jar;C:\workspace\JAVA_LEARN\hmMavenRepo\respository_new\org\elasticsearch\plugin\aggs-matrix-stats-client\7.4.0\aggs-matrix-stats-client-7.4.0.jar;C:\workspace\JAVA_LEARN\hmMavenRepo\respository_new\org\elasticsearch\plugin\rank-eval-client\7.4.0\rank-eval-client-7.4.0.jar;C:\workspace\JAVA_LEARN\hmMavenRepo\respository_new\org\elasticsearch\plugin\lang-mustache-client\7.4.0\lang-mustache-client-7.4.0.jar;C:\workspace\JAVA_LEARN\hmMavenRepo\respository_new\com\github\spullara\mustache\java\compiler\0.9.3\compiler-0.9.3.jar;C:\workspace\JAVA_LEARN\hmMavenRepo\respository_new\org\elasticsearch\client\elasticsearch-rest-client\7.4.0\elasticsearch-rest-client-7.4.0.jar;C:\workspace\JAVA_LEARN\hmMavenRepo\respository_new\org\apache\httpcomponents\httpclient\4.5.13\httpclient-4.5.13.jar;C:\workspace\JAVA_LEARN\hmMavenRepo\respository_new\org\apache\httpcomponents\httpcore\4.4.14\httpcore-4.4.14.jar;C:\workspace\JAVA_LEARN\hmMavenRepo\respository_new\org\apache\httpcomponents\httpasyncclient\4.1.4\httpasyncclient-4.1.4.jar;C:\workspace\JAVA_LEARN\hmMavenRepo\respository_new\org\apache\httpcomponents\httpcore-nio\4.4.14\httpcore-nio-4.4.14.jar;C:\workspace\JAVA_LEARN\hmMavenRepo\respository_new\commons-codec\commons-codec\1.12\commons-codec-1.12.jar;C:\workspace\JAVA_LEARN\hmMavenRepo\respository_new\org\elasticsearch\elasticsearch\7.4.0\elasticsearch-7.4.0.jar;C:\workspace\JAVA_LEARN\hmMavenRepo\respository_new\org\elasticsearch\elasticsearch-core\7.4.0\elasticsearch-core-7.4.0.jar;C:\workspace\JAVA_LEARN\hmMavenRepo\respository_new\org\elasticsearch\elasticsearch-secure-sm\7.4.0\elasticsearch-secure-sm-7.4.0.jar;C:\workspace\JAVA_LEARN\hmMavenRepo\respository_new\org\elasticsearch\elasticsearch-x-content\7.4.0\elasticsearch-x-content-7.4.0.jar;C:\workspace\JAVA_LEARN\hmMavenRepo\respository_new\org\yaml\snakeyaml\1.26\snakeyaml-1.26.jar;C:\workspace\JAVA_LEARN\hmMavenRepo\respository_new\com\fasterxml\jackson\core\jackson-core\2.11.4\jackson-core-2.11.4.jar;C:\workspace\JAVA_LEARN\hmMavenRepo\respository_new\com\fasterxml\jackson\dataformat\jackson-dataformat-smile\2.11.4\jackson-dataformat-smile-2.11.4.jar;C:\workspace\JAVA_LEARN\hmMavenRepo\respository_new\com\fasterxml\jackson\dataformat\jackson-dataformat-yaml\2.11.4\jackson-dataformat-yaml-2.11.4.jar;C:\workspace\JAVA_LEARN\hmMavenRepo\respository_new\com\fasterxml\jackson\dataformat\jackson-dataformat-cbor\2.9.9\jackson-dataformat-cbor-2.9.9.jar;C:\workspace\JAVA_LEARN\hmMavenRepo\respository_new\org\elasticsearch\elasticsearch-geo\7.4.0\elasticsearch-geo-7.4.0.jar;C:\workspace\JAVA_LEARN\hmMavenRepo\respository_new\org\apache\lucene\lucene-core\8.2.0\lucene-core-8.2.0.jar;C:\workspace\JAVA_LEARN\hmMavenRepo\respository_new\org\apache\lucene\lucene-analyzers-common\8.2.0\lucene-analyzers-common-8.2.0.jar;C:\workspace\JAVA_LEARN\hmMavenRepo\respository_new\org\apache\lucene\lucene-backward-codecs\8.2.0\lucene-backward-codecs-8.2.0.jar;C:\workspace\JAVA_LEARN\hmMavenRepo\respository_new\org\apache\lucene\lucene-grouping\8.2.0\lucene-grouping-8.2.0.jar;C:\workspace\JAVA_LEARN\hmMavenRepo\respository_new\org\apache\lucene\lucene-highlighter\8.2.0\lucene-highlighter-8.2.0.jar;C:\workspace\JAVA_LEARN\hmMavenRepo\respository_new\org\apache\lucene\lucene-join\8.2.0\lucene-join-8.2.0.jar;C:\workspace\JAVA_LEARN\hmMavenRepo\respository_new\org\apache\lucene\lucene-memory\8.2.0\lucene-memory-8.2.0.jar;C:\workspace\JAVA_LEARN\hmMavenRepo\respository_new\org\apache\lucene\lucene-misc\8.2.0\lucene-misc-8.2.0.jar;C:\workspace\JAVA_LEARN\hmMavenRepo\respository_new\org\apache\lucene\lucene-queries\8.2.0\lucene-queries-8.2.0.jar;C:\workspace\JAVA_LEARN\hmMavenRepo\respository_new\org\apache\lucene\lucene-queryparser\8.2.0\lucene-queryparser-8.2.0.jar;C:\workspace\JAVA_LEARN\hmMavenRepo\respository_new\org\apache\lucene\lucene-sandbox\8.2.0\lucene-sandbox-8.2.0.jar;C:\workspace\JAVA_LEARN\hmMavenRepo\respository_new\org\apache\lucene\lucene-spatial\8.2.0\lucene-spatial-8.2.0.jar;C:\workspace\JAVA_LEARN\hmMavenRepo\respository_new\org\apache\lucene\lucene-spatial-extras\8.2.0\lucene-spatial-extras-8.2.0.jar;C:\workspace\JAVA_LEARN\hmMavenRepo\respository_new\org\apache\lucene\lucene-spatial3d\8.2.0\lucene-spatial3d-8.2.0.jar;C:\workspace\JAVA_LEARN\hmMavenRepo\respository_new\org\apache\lucene\lucene-suggest\8.2.0\lucene-suggest-8.2.0.jar;C:\workspace\JAVA_LEARN\hmMavenRepo\respository_new\org\elasticsearch\elasticsearch-cli\7.4.0\elasticsearch-cli-7.4.0.jar;C:\workspace\JAVA_LEARN\hmMavenRepo\respository_new\net\sf\jopt-simple\jopt-simple\5.0.2\jopt-simple-5.0.2.jar;C:\workspace\JAVA_LEARN\hmMavenRepo\respository_new\com\carrotsearch\hppc\0.8.1\hppc-0.8.1.jar;C:\workspace\JAVA_LEARN\hmMavenRepo\respository_new\joda-time\joda-time\2.10.3\joda-time-2.10.3.jar;C:\workspace\JAVA_LEARN\hmMavenRepo\respository_new\com\tdunning\t-digest\3.2\t-digest-3.2.jar;C:\workspace\JAVA_LEARN\hmMavenRepo\respository_new\org\hdrhistogram\HdrHistogram\2.1.9\HdrHistogram-2.1.9.jar;C:\workspace\JAVA_LEARN\hmMavenRepo\respository_new\org\apache\logging\log4j\log4j-api\2.13.3\log4j-api-2.13.3.jar;C:\workspace\JAVA_LEARN\hmMavenRepo\respository_new\org\elasticsearch\jna\4.5.1\jna-4.5.1.jar;C:\workspace\JAVA_LEARN\hmMavenRepo\respository_new\org\springframework\boot\spring-boot-starter-data-mongodb\2.3.9.RELEASE\spring-boot-starter-data-mongodb-2.3.9.RELEASE.jar;C:\workspace\JAVA_LEARN\hmMavenRepo\respository_new\org\springframework\boot\spring-boot-starter\2.3.9.RELEASE\spring-boot-starter-2.3.9.RELEASE.jar;C:\workspace\JAVA_LEARN\hmMavenRepo\respository_new\org\springframework\boot\spring-boot\2.3.9.RELEASE\spring-boot-2.3.9.RELEASE.jar;C:\workspace\JAVA_LEARN\hmMavenRepo\respository_new\org\springframework\boot\spring-boot-autoconfigure\2.3.9.RELEASE\spring-boot-autoconfigure-2.3.9.RELEASE.jar;C:\workspace\JAVA_LEARN\hmMavenRepo\respository_new\jakarta\annotation\jakarta.annotation-api\1.3.5\jakarta.annotation-api-1.3.5.jar;C:\workspace\JAVA_LEARN\hmMavenRepo\respository_new\org\mongodb\mongodb-driver-sync\4.0.5\mongodb-driver-sync-4.0.5.jar;C:\workspace\JAVA_LEARN\hmMavenRepo\respository_new\org\mongodb\bson\4.0.5\bson-4.0.5.jar;C:\workspace\JAVA_LEARN\hmMavenRepo\respository_new\org\mongodb\mongodb-driver-core\4.0.5\mongodb-driver-core-4.0.5.jar;C:\workspace\JAVA_LEARN\hmMavenRepo\respository_new\org\springframework\data\spring-data-mongodb\3.0.7.RELEASE\spring-data-mongodb-3.0.7.RELEASE.jar;C:\workspace\JAVA_LEARN\hmMavenRepo\respository_new\org\springframework\spring-tx\5.2.13.RELEASE\spring-tx-5.2.13.RELEASE.jar;C:\workspace\JAVA_LEARN\hmMavenRepo\respository_new\org\springframework\spring-context\5.2.13.RELEASE\spring-context-5.2.13.RELEASE.jar;C:\workspace\JAVA_LEARN\hmMavenRepo\respository_new\org\springframework\spring-beans\5.2.13.RELEASE\spring-beans-5.2.13.RELEASE.jar;C:\workspace\JAVA_LEARN\hmMavenRepo\respository_new\org\springframework\spring-expression\5.2.13.RELEASE\spring-expression-5.2.13.RELEASE.jar;C:\workspace\JAVA_LEARN\hmMavenRepo\respository_new\org\springframework\data\spring-data-commons\2.3.7.RELEASE\spring-data-commons-2.3.7.RELEASE.jar;C:\workspace\JAVA_LEARN\hmMavenRepo\respository_new\org\slf4j\slf4j-api\1.7.30\slf4j-api-1.7.30.jar;C:\workspace\JAVA_LEARN\hmMavenRepo\respository_new\com\heima\heima-leadnews-model\1.0-SNAPSHOT\heima-leadnews-model-1.0-SNAPSHOT.jar;C:\workspace\JAVA_LEARN\hmMavenRepo\respository_new\mysql\mysql-connector-java\5.1.46\mysql-connector-java-5.1.46.jar;C:\workspace\JAVA_LEARN\hmMavenRepo\respository_new\org\mybatis\mybatis\3.5.1\mybatis-3.5.1.jar;C:\workspace\JAVA_LEARN\hmMavenRepo\respository_new\org\apache\commons\commons-lang3\3.5\commons-lang3-3.5.jar;C:\workspace\JAVA_LEARN\hmMavenRepo\respository_new\com\baomidou\mybatis-plus-boot-starter\3.4.1\mybatis-plus-boot-starter-3.4.1.jar;C:\workspace\JAVA_LEARN\hmMavenRepo\respository_new\com\baomidou\mybatis-plus\3.4.1\mybatis-plus-3.4.1.jar;C:\workspace\JAVA_LEARN\hmMavenRepo\respository_new\com\baomidou\mybatis-plus-extension\3.4.1\mybatis-plus-extension-3.4.1.jar;C:\workspace\JAVA_LEARN\hmMavenRepo\respository_new\com\baomidou\mybatis-plus-core\3.4.1\mybatis-plus-core-3.4.1.jar;C:\workspace\JAVA_LEARN\hmMavenRepo\respository_new\com\baomidou\mybatis-plus-annotation\3.4.1\mybatis-plus-annotation-3.4.1.jar;C:\workspace\JAVA_LEARN\hmMavenRepo\respository_new\com\github\jsqlparser\jsqlparser\3.2\jsqlparser-3.2.jar;C:\workspace\JAVA_LEARN\hmMavenRepo\respository_new\org\mybatis\mybatis-spring\2.0.1\mybatis-spring-2.0.1.jar;C:\workspace\JAVA_LEARN\hmMavenRepo\respository_new\org\springframework\boot\spring-boot-starter-jdbc\2.3.9.RELEASE\spring-boot-starter-jdbc-2.3.9.RELEASE.jar;C:\workspace\JAVA_LEARN\hmMavenRepo\respository_new\com\zaxxer\HikariCP\3.4.5\HikariCP-3.4.5.jar;C:\workspace\JAVA_LEARN\hmMavenRepo\respository_new\org\springframework\spring-jdbc\5.2.13.RELEASE\spring-jdbc-5.2.13.RELEASE.jar;C:\workspace\JAVA_LEARN\hmMavenRepo\respository_new\com\alibaba\fastjson\1.2.58\fastjson-1.2.58.jar;C:\workspace\JAVA_LEARN\hmMavenRepo\respository_new\io\springfox\springfox-swagger2\2.9.2\springfox-swagger2-2.9.2.jar;C:\workspace\JAVA_LEARN\hmMavenRepo\respository_new\io\swagger\swagger-annotations\1.5.20\swagger-annotations-1.5.20.jar;C:\workspace\JAVA_LEARN\hmMavenRepo\respository_new\io\swagger\swagger-models\1.5.20\swagger-models-1.5.20.jar;C:\workspace\JAVA_LEARN\hmMavenRepo\respository_new\com\fasterxml\jackson\core\jackson-annotations\2.11.4\jackson-annotations-2.11.4.jar;C:\workspace\JAVA_LEARN\hmMavenRepo\respository_new\io\springfox\springfox-spi\2.9.2\springfox-spi-2.9.2.jar;C:\workspace\JAVA_LEARN\hmMavenRepo\respository_new\io\springfox\springfox-core\2.9.2\springfox-core-2.9.2.jar;C:\workspace\JAVA_LEARN\hmMavenRepo\respository_new\io\springfox\springfox-schema\2.9.2\springfox-schema-2.9.2.jar;C:\workspace\JAVA_LEARN\hmMavenRepo\respository_new\io\springfox\springfox-swagger-common\2.9.2\springfox-swagger-common-2.9.2.jar;C:\workspace\JAVA_LEARN\hmMavenRepo\respository_new\io\springfox\springfox-spring-web\2.9.2\springfox-spring-web-2.9.2.jar;C:\workspace\JAVA_LEARN\hmMavenRepo\respository_new\com\google\guava\guava\29.0-jre\guava-29.0-jre.jar;C:\workspace\JAVA_LEARN\hmMavenRepo\respository_new\com\google\guava\failureaccess\1.0.1\failureaccess-1.0.1.jar;C:\workspace\JAVA_LEARN\hmMavenRepo\respository_new\com\google\guava\listenablefuture\9999.0-empty-to-avoid-conflict-with-guava\listenablefuture-9999.0-empty-to-avoid-conflict-with-guava.jar;C:\workspace\JAVA_LEARN\hmMavenRepo\respository_new\com\google\code\findbugs\jsr305\3.0.2\jsr305-3.0.2.jar;C:\workspace\JAVA_LEARN\hmMavenRepo\respository_new\org\checkerframework\checker-qual\2.11.1\checker-qual-2.11.1.jar;C:\workspace\JAVA_LEARN\hmMavenRepo\respository_new\com\google\errorprone\error_prone_annotations\2.3.4\error_prone_annotations-2.3.4.jar;C:\workspace\JAVA_LEARN\hmMavenRepo\respository_new\com\google\j2objc\j2objc-annotations\1.3\j2objc-annotations-1.3.jar;C:\workspace\JAVA_LEARN\hmMavenRepo\respository_new\com\fasterxml\classmate\1.5.1\classmate-1.5.1.jar;C:\workspace\JAVA_LEARN\hmMavenRepo\respository_new\org\springframework\plugin\spring-plugin-core\1.2.0.RELEASE\spring-plugin-core-1.2.0.RELEASE.jar;C:\workspace\JAVA_LEARN\hmMavenRepo\respository_new\org\springframework\plugin\spring-plugin-metadata\1.2.0.RELEASE\spring-plugin-metadata-1.2.0.RELEASE.jar;C:\workspace\JAVA_LEARN\hmMavenRepo\respository_new\org\mapstruct\mapstruct\1.2.0.Final\mapstruct-1.2.0.Final.jar;C:\workspace\JAVA_LEARN\hmMavenRepo\respository_new\io\springfox\springfox-swagger-ui\2.9.2\springfox-swagger-ui-2.9.2.jar;C:\workspace\JAVA_LEARN\hmMavenRepo\respository_new\com\heima\heima-leadnews-common\1.0-SNAPSHOT\heima-leadnews-common-1.0-SNAPSHOT.jar;C:\workspace\JAVA_LEARN\hmMavenRepo\respository_new\com\heima\heima-leadnews-utils\1.0-SNAPSHOT\heima-leadnews-utils-1.0-SNAPSHOT.jar;C:\workspace\JAVA_LEARN\hmMavenRepo\respository_new\io\jsonwebtoken\jjwt\0.9.1\jjwt-0.9.1.jar;C:\workspace\JAVA_LEARN\hmMavenRepo\respository_new\com\hankcs\hanlp\portable-1.3.4\hanlp-portable-1.3.4.jar;C:\workspace\JAVA_LEARN\hmMavenRepo\respository_new\commons-beanutils\commons-beanutils\1.9.3\commons-beanutils-1.9.3.jar;C:\workspace\JAVA_LEARN\hmMavenRepo\respository_new\commons-logging\commons-logging\1.2\commons-logging-1.2.jar;C:\workspace\JAVA_LEARN\hmMavenRepo\respository_new\commons-collections\commons-collections\3.2.2\commons-collections-3.2.2.jar;C:\workspace\JAVA_LEARN\hmMavenRepo\respository_new\io\protostuff\protostuff-core\1.6.0\protostuff-core-1.6.0.jar;C:\workspace\JAVA_LEARN\hmMavenRepo\respository_new\io\protostuff\protostuff-api\1.6.0\protostuff-api-1.6.0.jar;C:\workspace\JAVA_LEARN\hmMavenRepo\respository_new\io\protostuff\protostuff-runtime\1.6.0\protostuff-runtime-1.6.0.jar;C:\workspace\JAVA_LEARN\hmMavenRepo\respository_new\io\protostuff\protostuff-collectionschema\1.6.0\protostuff-collectionschema-1.6.0.jar;C:\workspace\JAVA_LEARN\hmMavenRepo\respository_new\org\reflections\reflections\0.9.11\reflections-0.9.11.jar;C:\workspace\JAVA_LEARN\hmMavenRepo\respository_new\org\javassist\javassist\3.21.0-GA\javassist-3.21.0-GA.jar;C:\workspace\JAVA_LEARN\hmMavenRepo\respository_new\org\springframework\boot\spring-boot-test\2.3.9.RELEASE\spring-boot-test-2.3.9.RELEASE.jar;C:\workspace\JAVA_LEARN\hmMavenRepo\respository_new\org\springframework\boot\spring-boot-starter-actuator\2.3.9.RELEASE\spring-boot-starter-actuator-2.3.9.RELEASE.jar;C:\workspace\JAVA_LEARN\hmMavenRepo\respository_new\org\springframework\boot\spring-boot-actuator-autoconfigure\2.3.9.RELEASE\spring-boot-actuator-autoconfigure-2.3.9.RELEASE.jar;C:\workspace\JAVA_LEARN\hmMavenRepo\respository_new\org\springframework\boot\spring-boot-actuator\2.3.9.RELEASE\spring-boot-actuator-2.3.9.RELEASE.jar;C:\workspace\JAVA_LEARN\hmMavenRepo\respository_new\io\micrometer\micrometer-core\1.5.11\micrometer-core-1.5.11.jar;C:\workspace\JAVA_LEARN\hmMavenRepo\respository_new\org\latencyutils\LatencyUtils\2.0.3\LatencyUtils-2.0.3.jar;C:\workspace\JAVA_LEARN\hmMavenRepo\respository_new\org\springframework\boot\spring-boot-starter-data-redis\2.3.9.RELEASE\spring-boot-starter-data-redis-2.3.9.RELEASE.jar;C:\workspace\JAVA_LEARN\hmMavenRepo\respository_new\org\springframework\data\spring-data-redis\2.3.7.RELEASE\spring-data-redis-2.3.7.RELEASE.jar;C:\workspace\JAVA_LEARN\hmMavenRepo\respository_new\org\springframework\data\spring-data-keyvalue\2.3.7.RELEASE\spring-data-keyvalue-2.3.7.RELEASE.jar;C:\workspace\JAVA_LEARN\hmMavenRepo\respository_new\org\springframework\spring-oxm\5.2.13.RELEASE\spring-oxm-5.2.13.RELEASE.jar;C:\workspace\JAVA_LEARN\hmMavenRepo\respository_new\io\lettuce\lettuce-core\5.3.6.RELEASE\lettuce-core-5.3.6.RELEASE.jar;C:\workspace\JAVA_LEARN\hmMavenRepo\respository_new\io\netty\netty-common\4.1.59.Final\netty-common-4.1.59.Final.jar;C:\workspace\JAVA_LEARN\hmMavenRepo\respository_new\io\netty\netty-handler\4.1.59.Final\netty-handler-4.1.59.Final.jar;C:\workspace\JAVA_LEARN\hmMavenRepo\respository_new\io\netty\netty-resolver\4.1.59.Final\netty-resolver-4.1.59.Final.jar;C:\workspace\JAVA_LEARN\hmMavenRepo\respository_new\io\netty\netty-buffer\4.1.59.Final\netty-buffer-4.1.59.Final.jar;C:\workspace\JAVA_LEARN\hmMavenRepo\respository_new\io\netty\netty-codec\4.1.59.Final\netty-codec-4.1.59.Final.jar;C:\workspace\JAVA_LEARN\hmMavenRepo\respository_new\io\netty\netty-transport\4.1.59.Final\netty-transport-4.1.59.Final.jar;C:\workspace\JAVA_LEARN\hmMavenRepo\respository_new\io\projectreactor\reactor-core\3.3.14.RELEASE\reactor-core-3.3.14.RELEASE.jar;C:\workspace\JAVA_LEARN\hmMavenRepo\respository_new\org\reactivestreams\reactive-streams\1.0.3\reactive-streams-1.0.3.jar;C:\workspace\JAVA_LEARN\hmMavenRepo\respository_new\org\apache\commons\commons-pool2\2.8.1\commons-pool2-2.8.1.jar;C:\workspace\JAVA_LEARN\hmMavenRepo\respository_new\org\springframework\boot\spring-boot-starter-cache\2.3.9.RELEASE\spring-boot-starter-cache-2.3.9.RELEASE.jar;C:\workspace\JAVA_LEARN\hmMavenRepo\respository_new\org\springframework\spring-context-support\5.2.13.RELEASE\spring-context-support-5.2.13.RELEASE.jar;C:\workspace\JAVA_LEARN\hmMavenRepo\respository_new\com\github\tobato\fastdfs-client\1.26.5\fastdfs-client-1.26.5.jar;C:\workspace\JAVA_LEARN\hmMavenRepo\respository_new\org\slf4j\jcl-over-slf4j\1.7.30\jcl-over-slf4j-1.7.30.jar;C:\workspace\JAVA_LEARN\hmMavenRepo\respository_new\ch\qos\logback\logback-classic\1.2.3\logback-classic-1.2.3.jar;C:\workspace\JAVA_LEARN\hmMavenRepo\respository_new\ch\qos\logback\logback-core\1.2.3\logback-core-1.2.3.jar;C:\workspace\JAVA_LEARN\hmMavenRepo\respository_new\commons-io\commons-io\2.6\commons-io-2.6.jar;C:\workspace\JAVA_LEARN\hmMavenRepo\respository_new\org\hibernate\validator\hibernate-validator\6.1.7.Final\hibernate-validator-6.1.7.Final.jar;C:\workspace\JAVA_LEARN\hmMavenRepo\respository_new\jakarta\validation\jakarta.validation-api\2.0.2\jakarta.validation-api-2.0.2.jar;C:\workspace\JAVA_LEARN\hmMavenRepo\respository_new\org\jboss\logging\jboss-logging\3.4.1.Final\jboss-logging-3.4.1.Final.jar;C:\workspace\JAVA_LEARN\hmMavenRepo\respository_new\net\coobird\thumbnailator\0.4.8\thumbnailator-0.4.8.jar;C:\workspace\JAVA_LEARN\hmMavenRepo\respository_new\org\springframework\kafka\spring-kafka\2.6.6\spring-kafka-2.6.6.jar;C:\workspace\JAVA_LEARN\hmMavenRepo\respository_new\org\springframework\spring-messaging\5.2.13.RELEASE\spring-messaging-5.2.13.RELEASE.jar;C:\workspace\JAVA_LEARN\hmMavenRepo\respository_new\org\springframework\retry\spring-retry\1.2.5.RELEASE\spring-retry-1.2.5.RELEASE.jar;C:\workspace\JAVA_LEARN\hmMavenRepo\respository_new\org\apache\kafka\kafka-clients\2.5.1\kafka-clients-2.5.1.jar;C:\workspace\JAVA_LEARN\hmMavenRepo\respository_new\com\github\luben\zstd-jni\1.4.4-7\zstd-jni-1.4.4-7.jar;C:\workspace\JAVA_LEARN\hmMavenRepo\respository_new\org\lz4\lz4-java\1.7.1\lz4-java-1.7.1.jar;C:\workspace\JAVA_LEARN\hmMavenRepo\respository_new\org\xerial\snappy\snappy-java\1.1.7.3\snappy-java-1.1.7.3.jar;C:\workspace\JAVA_LEARN\hmMavenRepo\respository_new\org\apache\kafka\kafka-streams\2.5.1\kafka-streams-2.5.1.jar;C:\workspace\JAVA_LEARN\hmMavenRepo\respository_new\org\rocksdb\rocksdbjni\5.18.3\rocksdbjni-5.18.3.jar;C:\workspace\JAVA_LEARN\hmMavenRepo\respository_new\com\aliyun\aliyun-java-sdk-core\4.1.1\aliyun-java-sdk-core-4.1.1.jar;C:\workspace\JAVA_LEARN\hmMavenRepo\respository_new\com\google\code\gson\gson\2.8.6\gson-2.8.6.jar;C:\workspace\JAVA_LEARN\hmMavenRepo\respository_new\javax\xml\bind\jaxb-api\2.3.1\jaxb-api-2.3.1.jar;C:\workspace\JAVA_LEARN\hmMavenRepo\respository_new\javax\activation\javax.activation-api\1.2.0\javax.activation-api-1.2.0.jar;C:\workspace\JAVA_LEARN\hmMavenRepo\respository_new\com\sun\xml\bind\jaxb-core\2.1.14\jaxb-core-2.1.14.jar;C:\workspace\JAVA_LEARN\hmMavenRepo\respository_new\com\sun\xml\bind\jaxb-impl\2.1\jaxb-impl-2.1.jar;C:\workspace\JAVA_LEARN\hmMavenRepo\respository_new\javax\activation\activation\1.1.1\activation-1.1.1.jar;C:\workspace\JAVA_LEARN\hmMavenRepo\respository_new\com\aliyun\aliyun-java-sdk-green\3.4.1\aliyun-java-sdk-green-3.4.1.jar;C:\workspace\JAVA_LEARN\hmMavenRepo\respository_new\com\aliyun\oss\aliyun-sdk-oss\2.8.3\aliyun-sdk-oss-2.8.3.jar;C:\workspace\JAVA_LEARN\hmMavenRepo\respository_new\org\jdom\jdom\1.1\jdom-1.1.jar;C:\workspace\JAVA_LEARN\hmMavenRepo\respository_new\org\apache\hbase\hbase-client\2.1.5\hbase-client-2.1.5.jar;C:\workspace\JAVA_LEARN\hmMavenRepo\respository_new\org\apache\hbase\thirdparty\hbase-shaded-protobuf\2.1.0\hbase-shaded-protobuf-2.1.0.jar;C:\workspace\JAVA_LEARN\hmMavenRepo\respository_new\org\apache\hbase\hbase-common\2.1.5\hbase-common-2.1.5.jar;C:\workspace\JAVA_LEARN\hmMavenRepo\respository_new\com\github\stephenc\findbugs\findbugs-annotations\1.3.9-1\findbugs-annotations-1.3.9-1.jar;C:\workspace\JAVA_LEARN\hmMavenRepo\respository_new\org\apache\hbase\hbase-hadoop-compat\2.1.5\hbase-hadoop-compat-2.1.5.jar;C:\workspace\JAVA_LEARN\hmMavenRepo\respository_new\org\apache\hbase\hbase-metrics-api\2.1.5\hbase-metrics-api-2.1.5.jar;C:\workspace\JAVA_LEARN\hmMavenRepo\respository_new\org\apache\hbase\hbase-hadoop2-compat\2.1.5\hbase-hadoop2-compat-2.1.5.jar;C:\workspace\JAVA_LEARN\hmMavenRepo\respository_new\org\apache\hbase\hbase-metrics\2.1.5\hbase-metrics-2.1.5.jar;C:\workspace\JAVA_LEARN\hmMavenRepo\respository_new\org\apache\hbase\hbase-protocol-shaded\2.1.5\hbase-protocol-shaded-2.1.5.jar;C:\workspace\JAVA_LEARN\hmMavenRepo\respository_new\org\apache\hbase\hbase-protocol\2.1.5\hbase-protocol-2.1.5.jar;C:\workspace\JAVA_LEARN\hmMavenRepo\respository_new\org\apache\hbase\thirdparty\hbase-shaded-miscellaneous\2.1.0\hbase-shaded-miscellaneous-2.1.0.jar;C:\workspace\JAVA_LEARN\hmMavenRepo\respository_new\com\google\protobuf\protobuf-java\3.13.0\protobuf-java-3.13.0.jar;C:\workspace\JAVA_LEARN\hmMavenRepo\respository_new\org\apache\hbase\thirdparty\hbase-shaded-netty\2.1.0\hbase-shaded-netty-2.1.0.jar;C:\workspace\JAVA_LEARN\hmMavenRepo\respository_new\org\apache\zookeeper\zookeeper\3.4.10\zookeeper-3.4.10.jar;C:\workspace\JAVA_LEARN\hmMavenRepo\respository_new\org\apache\htrace\htrace-core4\4.2.0-incubating\htrace-core4-4.2.0-incubating.jar;C:\workspace\JAVA_LEARN\hmMavenRepo\respository_new\org\jruby\jcodings\jcodings\1.0.18\jcodings-1.0.18.jar;C:\workspace\JAVA_LEARN\hmMavenRepo\respository_new\org\jruby\joni\joni\2.1.11\joni-2.1.11.jar;C:\workspace\JAVA_LEARN\hmMavenRepo\respository_new\io\dropwizard\metrics\metrics-core\4.1.17\metrics-core-4.1.17.jar;C:\workspace\JAVA_LEARN\hmMavenRepo\respository_new\org\apache\commons\commons-crypto\1.0.0\commons-crypto-1.0.0.jar;C:\workspace\JAVA_LEARN\hmMavenRepo\respository_new\com\fasterxml\jackson\core\jackson-databind\2.11.4\jackson-databind-2.11.4.jar;C:\workspace\JAVA_LEARN\hmMavenRepo\respository_new\org\apache\hadoop\hadoop-auth\2.7.7\hadoop-auth-2.7.7.jar;C:\workspace\JAVA_LEARN\hmMavenRepo\respository_new\org\apache\directory\server\apacheds-kerberos-codec\2.0.0-M15\apacheds-kerberos-codec-2.0.0-M15.jar;C:\workspace\JAVA_LEARN\hmMavenRepo\respository_new\org\apache\directory\server\apacheds-i18n\2.0.0-M15\apacheds-i18n-2.0.0-M15.jar;C:\workspace\JAVA_LEARN\hmMavenRepo\respository_new\org\apache\directory\api\api-asn1-api\1.0.0-M20\api-asn1-api-1.0.0-M20.jar;C:\workspace\JAVA_LEARN\hmMavenRepo\respository_new\org\apache\directory\api\api-util\1.0.0-M20\api-util-1.0.0-M20.jar;C:\workspace\JAVA_LEARN\hmMavenRepo\respository_new\org\apache\curator\curator-framework\4.2.0\curator-framework-4.2.0.jar;C:\workspace\JAVA_LEARN\hmMavenRepo\respository_new\org\apache\hadoop\hadoop-common\2.7.7\hadoop-common-2.7.7.jar;C:\workspace\JAVA_LEARN\hmMavenRepo\respository_new\org\apache\hadoop\hadoop-annotations\2.7.7\hadoop-annotations-2.7.7.jar;C:\Program Files\Java\jdk-1.8\jre\..\lib\tools.jar;C:\workspace\JAVA_LEARN\hmMavenRepo\respository_new\commons-cli\commons-cli\1.2\commons-cli-1.2.jar;C:\workspace\JAVA_LEARN\hmMavenRepo\respository_new\org\apache\commons\commons-math3\3.1.1\commons-math3-3.1.1.jar;C:\workspace\JAVA_LEARN\hmMavenRepo\respository_new\xmlenc\xmlenc\0.52\xmlenc-0.52.jar;C:\workspace\JAVA_LEARN\hmMavenRepo\respository_new\commons-httpclient\commons-httpclient\3.1\commons-httpclient-3.1.jar;C:\workspace\JAVA_LEARN\hmMavenRepo\respository_new\commons-net\commons-net\3.1\commons-net-3.1.jar;C:\workspace\JAVA_LEARN\hmMavenRepo\respository_new\org\mortbay\jetty\jetty-sslengine\6.1.26\jetty-sslengine-6.1.26.jar;C:\workspace\JAVA_LEARN\hmMavenRepo\respository_new\commons-lang\commons-lang\2.6\commons-lang-2.6.jar;C:\workspace\JAVA_LEARN\hmMavenRepo\respository_new\commons-configuration\commons-configuration\1.6\commons-configuration-1.6.jar;C:\workspace\JAVA_LEARN\hmMavenRepo\respository_new\commons-digester\commons-digester\1.8\commons-digester-1.8.jar;C:\workspace\JAVA_LEARN\hmMavenRepo\respository_new\commons-beanutils\commons-beanutils-core\1.8.0\commons-beanutils-core-1.8.0.jar;C:\workspace\JAVA_LEARN\hmMavenRepo\respository_new\org\codehaus\jackson\jackson-core-asl\1.9.13\jackson-core-asl-1.9.13.jar;C:\workspace\JAVA_LEARN\hmMavenRepo\respository_new\org\codehaus\jackson\jackson-mapper-asl\1.9.13\jackson-mapper-asl-1.9.13.jar;C:\workspace\JAVA_LEARN\hmMavenRepo\respository_new\org\apache\avro\avro\1.7.4\avro-1.7.4.jar;C:\workspace\JAVA_LEARN\hmMavenRepo\respository_new\com\thoughtworks\paranamer\paranamer\2.3\paranamer-2.3.jar;C:\workspace\JAVA_LEARN\hmMavenRepo\respository_new\com\jcraft\jsch\0.1.54\jsch-0.1.54.jar;C:\workspace\JAVA_LEARN\hmMavenRepo\respository_new\org\apache\curator\curator-client\2.7.1\curator-client-2.7.1.jar;C:\workspace\JAVA_LEARN\hmMavenRepo\respository_new\org\apache\curator\curator-recipes\4.2.0\curator-recipes-4.2.0.jar;C:\workspace\JAVA_LEARN\hmMavenRepo\respository_new\org\apache\htrace\htrace-core\3.1.0-incubating\htrace-core-3.1.0-incubating.jar;C:\workspace\JAVA_LEARN\hmMavenRepo\respository_new\org\apache\commons\commons-compress\1.4.1\commons-compress-1.4.1.jar;C:\workspace\JAVA_LEARN\hmMavenRepo\respository_new\org\tukaani\xz\1.0\xz-1.0.jar;C:\workspace\JAVA_LEARN\hmMavenRepo\respository_new\org\apache\yetus\audience-annotations\0.5.0\audience-annotations-0.5.0.jar;C:\workspace\JAVA_LEARN\hmMavenRepo\respository_new\junit\junit\4.12\junit-4.12.jar;C:\workspace\JAVA_LEARN\hmMavenRepo\respository_new\org\hamcrest\hamcrest-core\2.2\hamcrest-core-2.2.jar;C:\workspace\JAVA_LEARN\hmMavenRepo\respository_new\org\jsoup\jsoup\1.10.2\jsoup-1.10.2.jar;C:\workspace\JAVA_LEARN\hmMavenRepo\respository_new\com\github\xiaoymin\knife4j-spring-boot-starter\2.0.2\knife4j-spring-boot-starter-2.0.2.jar;C:\workspace\JAVA_LEARN\hmMavenRepo\respository_new\com\github\xiaoymin\knife4j-spring-boot-autoconfigure\2.0.2\knife4j-spring-boot-autoconfigure-2.0.2.jar;C:\workspace\JAVA_LEARN\hmMavenRepo\respository_new\com\github\xiaoymin\knife4j-spring\2.0.2\knife4j-spring-2.0.2.jar;C:\workspace\JAVA_LEARN\hmMavenRepo\respository_new\com\github\xiaoymin\knife4j-annotations\2.0.2\knife4j-annotations-2.0.2.jar;C:\workspace\JAVA_LEARN\hmMavenRepo\respository_new\com\github\xiaoymin\knife4j-core\2.0.2\knife4j-core-2.0.2.jar;C:\workspace\JAVA_LEARN\hmMavenRepo\respository_new\io\springfox\springfox-bean-validators\2.9.2\springfox-bean-validators-2.9.2.jar;C:\workspace\JAVA_LEARN\hmMavenRepo\respository_new\com\github\xiaoymin\knife4j-spring-ui\2.0.2\knife4j-spring-ui-2.0.2.jar;C:\workspace\JAVA_LEARN\hmMavenRepo\respository_new\com\heima\heima-leadnews-feign-api\1.0-SNAPSHOT\heima-leadnews-feign-api-1.0-SNAPSHOT.jar;C:\workspace\JAVA_LEARN\hmMavenRepo\respository_new\org\springframework\cloud\spring-cloud-starter-openfeign\2.2.7.RELEASE\spring-cloud-starter-openfeign-2.2.7.RELEASE.jar;C:\workspace\JAVA_LEARN\hmMavenRepo\respository_new\org\springframework\cloud\spring-cloud-starter\2.2.7.RELEASE\spring-cloud-starter-2.2.7.RELEASE.jar;C:\workspace\JAVA_LEARN\hmMavenRepo\respository_new\org\springframework\security\spring-security-rsa\1.0.9.RELEASE\spring-security-rsa-1.0.9.RELEASE.jar;C:\workspace\JAVA_LEARN\hmMavenRepo\respository_new\org\bouncycastle\bcpkix-jdk15on\1.64\bcpkix-jdk15on-1.64.jar;C:\workspace\JAVA_LEARN\hmMavenRepo\respository_new\org\bouncycastle\bcprov-jdk15on\1.64\bcprov-jdk15on-1.64.jar;C:\workspace\JAVA_LEARN\hmMavenRepo\respository_new\org\springframework\cloud\spring-cloud-openfeign-core\2.2.7.RELEASE\spring-cloud-openfeign-core-2.2.7.RELEASE.jar;C:\workspace\JAVA_LEARN\hmMavenRepo\respository_new\org\springframework\boot\spring-boot-starter-aop\2.3.9.RELEASE\spring-boot-starter-aop-2.3.9.RELEASE.jar;C:\workspace\JAVA_LEARN\hmMavenRepo\respository_new\org\aspectj\aspectjweaver\1.9.6\aspectjweaver-1.9.6.jar;C:\workspace\JAVA_LEARN\hmMavenRepo\respository_new\io\github\openfeign\form\feign-form-spring\3.8.0\feign-form-spring-3.8.0.jar;C:\workspace\JAVA_LEARN\hmMavenRepo\respository_new\io\github\openfeign\form\feign-form\3.8.0\feign-form-3.8.0.jar;C:\workspace\JAVA_LEARN\hmMavenRepo\respository_new\commons-fileupload\commons-fileupload\1.4\commons-fileupload-1.4.jar;C:\workspace\JAVA_LEARN\hmMavenRepo\respository_new\io\github\openfeign\feign-core\10.10.1\feign-core-10.10.1.jar;C:\workspace\JAVA_LEARN\hmMavenRepo\respository_new\io\github\openfeign\feign-slf4j\10.10.1\feign-slf4j-10.10.1.jar;C:\workspace\JAVA_LEARN\hmMavenRepo\respository_new\io\github\openfeign\feign-hystrix\10.10.1\feign-hystrix-10.10.1.jar;C:\workspace\JAVA_LEARN\hmMavenRepo\respository_new\com\netflix\archaius\archaius-core\0.7.7\archaius-core-0.7.7.jar;C:\workspace\JAVA_LEARN\hmMavenRepo\respository_new\com\netflix\hystrix\hystrix-core\1.5.18\hystrix-core-1.5.18.jar;C:\workspace\JAVA_LEARN\hmMavenRepo\respository_new\org\springframework\boot\spring-boot-starter-web\2.3.9.RELEASE\spring-boot-starter-web-2.3.9.RELEASE.jar;C:\workspace\JAVA_LEARN\hmMavenRepo\respository_new\org\springframework\boot\spring-boot-starter-json\2.3.9.RELEASE\spring-boot-starter-json-2.3.9.RELEASE.jar;C:\workspace\JAVA_LEARN\hmMavenRepo\respository_new\com\fasterxml\jackson\datatype\jackson-datatype-jdk8\2.11.4\jackson-datatype-jdk8-2.11.4.jar;C:\workspace\JAVA_LEARN\hmMavenRepo\respository_new\com\fasterxml\jackson\datatype\jackson-datatype-jsr310\2.11.4\jackson-datatype-jsr310-2.11.4.jar;C:\workspace\JAVA_LEARN\hmMavenRepo\respository_new\com\fasterxml\jackson\module\jackson-module-parameter-names\2.11.4\jackson-module-parameter-names-2.11.4.jar;C:\workspace\JAVA_LEARN\hmMavenRepo\respository_new\org\springframework\boot\spring-boot-starter-tomcat\2.3.9.RELEASE\spring-boot-starter-tomcat-2.3.9.RELEASE.jar;C:\workspace\JAVA_LEARN\hmMavenRepo\respository_new\org\apache\tomcat\embed\tomcat-embed-core\9.0.43\tomcat-embed-core-9.0.43.jar;C:\workspace\JAVA_LEARN\hmMavenRepo\respository_new\org\glassfish\jakarta.el\3.0.3\jakarta.el-3.0.3.jar;C:\workspace\JAVA_LEARN\hmMavenRepo\respository_new\org\apache\tomcat\embed\tomcat-embed-websocket\9.0.43\tomcat-embed-websocket-9.0.43.jar;C:\workspace\JAVA_LEARN\hmMavenRepo\respository_new\org\springframework\spring-web\5.2.13.RELEASE\spring-web-5.2.13.RELEASE.jar;C:\workspace\JAVA_LEARN\hmMavenRepo\respository_new\org\springframework\spring-webmvc\5.2.13.RELEASE\spring-webmvc-5.2.13.RELEASE.jar;C:\workspace\JAVA_LEARN\hmMavenRepo\respository_new\org\springframework\spring-aop\5.2.13.RELEASE\spring-aop-5.2.13.RELEASE.jar;C:\workspace\JAVA_LEARN\hmMavenRepo\respository_new\org\springframework\boot\spring-boot-starter-test\2.3.9.RELEASE\spring-boot-starter-test-2.3.9.RELEASE.jar;C:\workspace\JAVA_LEARN\hmMavenRepo\respository_new\org\springframework\boot\spring-boot-test-autoconfigure\2.3.9.RELEASE\spring-boot-test-autoconfigure-2.3.9.RELEASE.jar;C:\workspace\JAVA_LEARN\hmMavenRepo\respository_new\com\jayway\jsonpath\json-path\2.4.0\json-path-2.4.0.jar;C:\workspace\JAVA_LEARN\hmMavenRepo\respository_new\net\minidev\json-smart\2.3\json-smart-2.3.jar;C:\workspace\JAVA_LEARN\hmMavenRepo\respository_new\net\minidev\accessors-smart\1.2\accessors-smart-1.2.jar;C:\workspace\JAVA_LEARN\hmMavenRepo\respository_new\org\ow2\asm\asm\5.0.4\asm-5.0.4.jar;C:\workspace\JAVA_LEARN\hmMavenRepo\respository_new\jakarta\xml\bind\jakarta.xml.bind-api\2.3.3\jakarta.xml.bind-api-2.3.3.jar;C:\workspace\JAVA_LEARN\hmMavenRepo\respository_new\jakarta\activation\jakarta.activation-api\1.2.2\jakarta.activation-api-1.2.2.jar;C:\workspace\JAVA_LEARN\hmMavenRepo\respository_new\org\assertj\assertj-core\3.16.1\assertj-core-3.16.1.jar;C:\workspace\JAVA_LEARN\hmMavenRepo\respository_new\org\hamcrest\hamcrest\2.2\hamcrest-2.2.jar;C:\workspace\JAVA_LEARN\hmMavenRepo\respository_new\org\junit\jupiter\junit-jupiter\5.6.3\junit-jupiter-5.6.3.jar;C:\workspace\JAVA_LEARN\hmMavenRepo\respository_new\org\junit\jupiter\junit-jupiter-api\5.6.3\junit-jupiter-api-5.6.3.jar;C:\workspace\JAVA_LEARN\hmMavenRepo\respository_new\org\opentest4j\opentest4j\1.2.0\opentest4j-1.2.0.jar;C:\workspace\JAVA_LEARN\hmMavenRepo\respository_new\org\junit\platform\junit-platform-commons\1.6.3\junit-platform-commons-1.6.3.jar;C:\workspace\JAVA_LEARN\hmMavenRepo\respository_new\org\junit\jupiter\junit-jupiter-params\5.6.3\junit-jupiter-params-5.6.3.jar;C:\workspace\JAVA_LEARN\hmMavenRepo\respository_new\org\junit\jupiter\junit-jupiter-engine\5.6.3\junit-jupiter-engine-5.6.3.jar;C:\workspace\JAVA_LEARN\hmMavenRepo\respository_new\org\junit\vintage\junit-vintage-engine\5.6.3\junit-vintage-engine-5.6.3.jar;C:\workspace\JAVA_LEARN\hmMavenRepo\respository_new\org\apiguardian\apiguardian-api\1.1.0\apiguardian-api-1.1.0.jar;C:\workspace\JAVA_LEARN\hmMavenRepo\respository_new\org\junit\platform\junit-platform-engine\1.6.3\junit-platform-engine-1.6.3.jar;C:\workspace\JAVA_LEARN\hmMavenRepo\respository_new\org\mockito\mockito-core\3.3.3\mockito-core-3.3.3.jar;C:\workspace\JAVA_LEARN\hmMavenRepo\respository_new\net\bytebuddy\byte-buddy\1.10.20\byte-buddy-1.10.20.jar;C:\workspace\JAVA_LEARN\hmMavenRepo\respository_new\net\bytebuddy\byte-buddy-agent\1.10.20\byte-buddy-agent-1.10.20.jar;C:\workspace\JAVA_LEARN\hmMavenRepo\respository_new\org\objenesis\objenesis\2.6\objenesis-2.6.jar;C:\workspace\JAVA_LEARN\hmMavenRepo\respository_new\org\mockito\mockito-junit-jupiter\3.3.3\mockito-junit-jupiter-3.3.3.jar;C:\workspace\JAVA_LEARN\hmMavenRepo\respository_new\org\skyscreamer\jsonassert\1.5.0\jsonassert-1.5.0.jar;C:\workspace\JAVA_LEARN\hmMavenRepo\respository_new\com\vaadin\external\google\android-json\0.0.20131108.vaadin1\android-json-0.0.20131108.vaadin1.jar;C:\workspace\JAVA_LEARN\hmMavenRepo\respository_new\org\springframework\spring-core\5.2.13.RELEASE\spring-core-5.2.13.RELEASE.jar;C:\workspace\JAVA_LEARN\hmMavenRepo\respository_new\org\springframework\spring-jcl\5.2.13.RELEASE\spring-jcl-5.2.13.RELEASE.jar;C:\workspace\JAVA_LEARN\hmMavenRepo\respository_new\org\springframework\spring-test\5.2.13.RELEASE\spring-test-5.2.13.RELEASE.jar;C:\workspace\JAVA_LEARN\hmMavenRepo\respository_new\org\xmlunit\xmlunit-core\2.7.0\xmlunit-core-2.7.0.jar;C:\workspace\JAVA_LEARN\hmMavenRepo\respository_new\com\alibaba\cloud\spring-cloud-starter-alibaba-nacos-discovery\2.2.5.RELEASE\spring-cloud-starter-alibaba-nacos-discovery-2.2.5.RELEASE.jar;C:\workspace\JAVA_LEARN\hmMavenRepo\respository_new\com\alibaba\cloud\spring-cloud-alibaba-commons\2.2.5.RELEASE\spring-cloud-alibaba-commons-2.2.5.RELEASE.jar;C:\workspace\JAVA_LEARN\hmMavenRepo\respository_new\com\alibaba\nacos\nacos-client\1.4.1\nacos-client-1.4.1.jar;C:\workspace\JAVA_LEARN\hmMavenRepo\respository_new\com\alibaba\nacos\nacos-common\1.4.1\nacos-common-1.4.1.jar;C:\workspace\JAVA_LEARN\hmMavenRepo\respository_new\com\alibaba\nacos\nacos-api\1.4.1\nacos-api-1.4.1.jar;C:\workspace\JAVA_LEARN\hmMavenRepo\respository_new\io\prometheus\simpleclient\0.5.0\simpleclient-0.5.0.jar;C:\workspace\JAVA_LEARN\hmMavenRepo\respository_new\com\alibaba\spring\spring-context-support\1.0.10\spring-context-support-1.0.10.jar;C:\workspace\JAVA_LEARN\hmMavenRepo\respository_new\org\springframework\cloud\spring-cloud-commons\2.2.7.RELEASE\spring-cloud-commons-2.2.7.RELEASE.jar;C:\workspace\JAVA_LEARN\hmMavenRepo\respository_new\org\springframework\security\spring-security-crypto\5.3.8.RELEASE\spring-security-crypto-5.3.8.RELEASE.jar;C:\workspace\JAVA_LEARN\hmMavenRepo\respository_new\org\springframework\cloud\spring-cloud-context\2.2.7.RELEASE\spring-cloud-context-2.2.7.RELEASE.jar;C:\workspace\JAVA_LEARN\hmMavenRepo\respository_new\org\springframework\cloud\spring-cloud-starter-netflix-ribbon\2.2.7.RELEASE\spring-cloud-starter-netflix-ribbon-2.2.7.RELEASE.jar;C:\workspace\JAVA_LEARN\hmMavenRepo\respository_new\org\springframework\cloud\spring-cloud-netflix-ribbon\2.2.7.RELEASE\spring-cloud-netflix-ribbon-2.2.7.RELEASE.jar;C:\workspace\JAVA_LEARN\hmMavenRepo\respository_new\org\springframework\cloud\spring-cloud-netflix-archaius\2.2.7.RELEASE\spring-cloud-netflix-archaius-2.2.7.RELEASE.jar;C:\workspace\JAVA_LEARN\hmMavenRepo\respository_new\org\springframework\cloud\spring-cloud-starter-netflix-archaius\2.2.7.RELEASE\spring-cloud-starter-netflix-archaius-2.2.7.RELEASE.jar;C:\workspace\JAVA_LEARN\hmMavenRepo\respository_new\com\netflix\ribbon\ribbon\2.3.0\ribbon-2.3.0.jar;C:\workspace\JAVA_LEARN\hmMavenRepo\respository_new\com\netflix\ribbon\ribbon-transport\2.3.0\ribbon-transport-2.3.0.jar;C:\workspace\JAVA_LEARN\hmMavenRepo\respository_new\io\reactivex\rxnetty-contexts\0.4.9\rxnetty-contexts-0.4.9.jar;C:\workspace\JAVA_LEARN\hmMavenRepo\respository_new\io\reactivex\rxnetty-servo\0.4.9\rxnetty-servo-0.4.9.jar;C:\workspace\JAVA_LEARN\hmMavenRepo\respository_new\javax\inject\javax.inject\1\javax.inject-1.jar;C:\workspace\JAVA_LEARN\hmMavenRepo\respository_new\io\reactivex\rxnetty\0.4.9\rxnetty-0.4.9.jar;C:\workspace\JAVA_LEARN\hmMavenRepo\respository_new\com\netflix\ribbon\ribbon-core\2.3.0\ribbon-core-2.3.0.jar;C:\workspace\JAVA_LEARN\hmMavenRepo\respository_new\com\netflix\ribbon\ribbon-httpclient\2.3.0\ribbon-httpclient-2.3.0.jar;C:\workspace\JAVA_LEARN\hmMavenRepo\respository_new\com\sun\jersey\jersey-client\1.19.1\jersey-client-1.19.1.jar;C:\workspace\JAVA_LEARN\hmMavenRepo\respository_new\com\sun\jersey\jersey-core\1.19.1\jersey-core-1.19.1.jar;C:\workspace\JAVA_LEARN\hmMavenRepo\respository_new\javax\ws\rs\jsr311-api\1.1.1\jsr311-api-1.1.1.jar;C:\workspace\JAVA_LEARN\hmMavenRepo\respository_new\com\sun\jersey\contribs\jersey-apache-client4\1.19.1\jersey-apache-client4-1.19.1.jar;C:\workspace\JAVA_LEARN\hmMavenRepo\respository_new\com\netflix\servo\servo-core\0.12.21\servo-core-0.12.21.jar;C:\workspace\JAVA_LEARN\hmMavenRepo\respository_new\com\netflix\netflix-commons\netflix-commons-util\0.3.0\netflix-commons-util-0.3.0.jar;C:\workspace\JAVA_LEARN\hmMavenRepo\respository_new\com\netflix\ribbon\ribbon-loadbalancer\2.3.0\ribbon-loadbalancer-2.3.0.jar;C:\workspace\JAVA_LEARN\hmMavenRepo\respository_new\com\netflix\netflix-commons\netflix-statistics\0.1.1\netflix-statistics-0.1.1.jar;C:\workspace\JAVA_LEARN\hmMavenRepo\respository_new\io\reactivex\rxjava\1.3.8\rxjava-1.3.8.jar;C:\workspace\JAVA_LEARN\hmMavenRepo\respository_new\org\springframework\boot\spring-boot-starter-log4j2\2.3.9.RELEASE\spring-boot-starter-log4j2-2.3.9.RELEASE.jar;C:\workspace\JAVA_LEARN\hmMavenRepo\respository_new\org\apache\logging\log4j\log4j-slf4j-impl\2.13.3\log4j-slf4j-impl-2.13.3.jar;C:\workspace\JAVA_LEARN\hmMavenRepo\respository_new\org\apache\logging\log4j\log4j-core\2.13.3\log4j-core-2.13.3.jar;C:\workspace\JAVA_LEARN\hmMavenRepo\respository_new\org\apache\logging\log4j\log4j-jul\2.13.3\log4j-jul-2.13.3.jar;C:\workspace\JAVA_LEARN\hmMavenRepo\respository_new\org\slf4j\jul-to-slf4j\1.7.30\jul-to-slf4j-1.7.30.jar;C:\workspace\JAVA_LEARN\hmMavenRepo\respository_new\org\projectlombok\lombok\1.18.8\lombok-1.18.8.jar;"/>
    <property name="java.vm.vendor" value="Oracle Corporation"/>
    <property name="sun.arch.data.model" value="64"/>
    <property name="user.variant" value=""/>
    <property name="java.vendor.url" value="http://java.oracle.com/"/>
    <property name="user.timezone" value="Asia/Shanghai"/>
    <property name="java.vm.specification.version" value="1.8"/>
    <property name="os.name" value="Windows 11"/>
    <property name="user.country" value="CN"/>
    <property name="sun.java.launcher" value="SUN_STANDARD"/>
    <property name="sun.boot.library.path" value="C:\Program Files\Java\jdk-1.8\jre\bin"/>
    <property name="sun.java.command" value="C:\Users\yaozy\AppData\Local\Temp\surefire2916531748360575302\surefirebooter4175116448841405832.jar C:\Users\yaozy\AppData\Local\Temp\surefire2916531748360575302 2024-03-26T21-42-31_295-jvmRun1 surefire7322368101636042912tmp surefire_01300666624802197065tmp"/>
    <property name="surefire.test.class.path" value="C:\workspace\IDEA_workspace\heima-leadnews\heima-leadnews-service\heima-leadnews-search\target\test-classes;C:\workspace\IDEA_workspace\heima-leadnews\heima-leadnews-service\heima-leadnews-search\target\classes;C:\workspace\JAVA_LEARN\hmMavenRepo\respository_new\org\elasticsearch\client\elasticsearch-rest-high-level-client\7.4.0\elasticsearch-rest-high-level-client-7.4.0.jar;C:\workspace\JAVA_LEARN\hmMavenRepo\respository_new\org\elasticsearch\plugin\mapper-extras\7.4.0\mapper-extras-7.4.0.jar;C:\workspace\JAVA_LEARN\hmMavenRepo\respository_new\org\elasticsearch\plugin\parent-join-client\7.4.0\parent-join-client-7.4.0.jar;C:\workspace\JAVA_LEARN\hmMavenRepo\respository_new\org\elasticsearch\plugin\aggs-matrix-stats-client\7.4.0\aggs-matrix-stats-client-7.4.0.jar;C:\workspace\JAVA_LEARN\hmMavenRepo\respository_new\org\elasticsearch\plugin\rank-eval-client\7.4.0\rank-eval-client-7.4.0.jar;C:\workspace\JAVA_LEARN\hmMavenRepo\respository_new\org\elasticsearch\plugin\lang-mustache-client\7.4.0\lang-mustache-client-7.4.0.jar;C:\workspace\JAVA_LEARN\hmMavenRepo\respository_new\com\github\spullara\mustache\java\compiler\0.9.3\compiler-0.9.3.jar;C:\workspace\JAVA_LEARN\hmMavenRepo\respository_new\org\elasticsearch\client\elasticsearch-rest-client\7.4.0\elasticsearch-rest-client-7.4.0.jar;C:\workspace\JAVA_LEARN\hmMavenRepo\respository_new\org\apache\httpcomponents\httpclient\4.5.13\httpclient-4.5.13.jar;C:\workspace\JAVA_LEARN\hmMavenRepo\respository_new\org\apache\httpcomponents\httpcore\4.4.14\httpcore-4.4.14.jar;C:\workspace\JAVA_LEARN\hmMavenRepo\respository_new\org\apache\httpcomponents\httpasyncclient\4.1.4\httpasyncclient-4.1.4.jar;C:\workspace\JAVA_LEARN\hmMavenRepo\respository_new\org\apache\httpcomponents\httpcore-nio\4.4.14\httpcore-nio-4.4.14.jar;C:\workspace\JAVA_LEARN\hmMavenRepo\respository_new\commons-codec\commons-codec\1.12\commons-codec-1.12.jar;C:\workspace\JAVA_LEARN\hmMavenRepo\respository_new\org\elasticsearch\elasticsearch\7.4.0\elasticsearch-7.4.0.jar;C:\workspace\JAVA_LEARN\hmMavenRepo\respository_new\org\elasticsearch\elasticsearch-core\7.4.0\elasticsearch-core-7.4.0.jar;C:\workspace\JAVA_LEARN\hmMavenRepo\respository_new\org\elasticsearch\elasticsearch-secure-sm\7.4.0\elasticsearch-secure-sm-7.4.0.jar;C:\workspace\JAVA_LEARN\hmMavenRepo\respository_new\org\elasticsearch\elasticsearch-x-content\7.4.0\elasticsearch-x-content-7.4.0.jar;C:\workspace\JAVA_LEARN\hmMavenRepo\respository_new\org\yaml\snakeyaml\1.26\snakeyaml-1.26.jar;C:\workspace\JAVA_LEARN\hmMavenRepo\respository_new\com\fasterxml\jackson\core\jackson-core\2.11.4\jackson-core-2.11.4.jar;C:\workspace\JAVA_LEARN\hmMavenRepo\respository_new\com\fasterxml\jackson\dataformat\jackson-dataformat-smile\2.11.4\jackson-dataformat-smile-2.11.4.jar;C:\workspace\JAVA_LEARN\hmMavenRepo\respository_new\com\fasterxml\jackson\dataformat\jackson-dataformat-yaml\2.11.4\jackson-dataformat-yaml-2.11.4.jar;C:\workspace\JAVA_LEARN\hmMavenRepo\respository_new\com\fasterxml\jackson\dataformat\jackson-dataformat-cbor\2.9.9\jackson-dataformat-cbor-2.9.9.jar;C:\workspace\JAVA_LEARN\hmMavenRepo\respository_new\org\elasticsearch\elasticsearch-geo\7.4.0\elasticsearch-geo-7.4.0.jar;C:\workspace\JAVA_LEARN\hmMavenRepo\respository_new\org\apache\lucene\lucene-core\8.2.0\lucene-core-8.2.0.jar;C:\workspace\JAVA_LEARN\hmMavenRepo\respository_new\org\apache\lucene\lucene-analyzers-common\8.2.0\lucene-analyzers-common-8.2.0.jar;C:\workspace\JAVA_LEARN\hmMavenRepo\respository_new\org\apache\lucene\lucene-backward-codecs\8.2.0\lucene-backward-codecs-8.2.0.jar;C:\workspace\JAVA_LEARN\hmMavenRepo\respository_new\org\apache\lucene\lucene-grouping\8.2.0\lucene-grouping-8.2.0.jar;C:\workspace\JAVA_LEARN\hmMavenRepo\respository_new\org\apache\lucene\lucene-highlighter\8.2.0\lucene-highlighter-8.2.0.jar;C:\workspace\JAVA_LEARN\hmMavenRepo\respository_new\org\apache\lucene\lucene-join\8.2.0\lucene-join-8.2.0.jar;C:\workspace\JAVA_LEARN\hmMavenRepo\respository_new\org\apache\lucene\lucene-memory\8.2.0\lucene-memory-8.2.0.jar;C:\workspace\JAVA_LEARN\hmMavenRepo\respository_new\org\apache\lucene\lucene-misc\8.2.0\lucene-misc-8.2.0.jar;C:\workspace\JAVA_LEARN\hmMavenRepo\respository_new\org\apache\lucene\lucene-queries\8.2.0\lucene-queries-8.2.0.jar;C:\workspace\JAVA_LEARN\hmMavenRepo\respository_new\org\apache\lucene\lucene-queryparser\8.2.0\lucene-queryparser-8.2.0.jar;C:\workspace\JAVA_LEARN\hmMavenRepo\respository_new\org\apache\lucene\lucene-sandbox\8.2.0\lucene-sandbox-8.2.0.jar;C:\workspace\JAVA_LEARN\hmMavenRepo\respository_new\org\apache\lucene\lucene-spatial\8.2.0\lucene-spatial-8.2.0.jar;C:\workspace\JAVA_LEARN\hmMavenRepo\respository_new\org\apache\lucene\lucene-spatial-extras\8.2.0\lucene-spatial-extras-8.2.0.jar;C:\workspace\JAVA_LEARN\hmMavenRepo\respository_new\org\apache\lucene\lucene-spatial3d\8.2.0\lucene-spatial3d-8.2.0.jar;C:\workspace\JAVA_LEARN\hmMavenRepo\respository_new\org\apache\lucene\lucene-suggest\8.2.0\lucene-suggest-8.2.0.jar;C:\workspace\JAVA_LEARN\hmMavenRepo\respository_new\org\elasticsearch\elasticsearch-cli\7.4.0\elasticsearch-cli-7.4.0.jar;C:\workspace\JAVA_LEARN\hmMavenRepo\respository_new\net\sf\jopt-simple\jopt-simple\5.0.2\jopt-simple-5.0.2.jar;C:\workspace\JAVA_LEARN\hmMavenRepo\respository_new\com\carrotsearch\hppc\0.8.1\hppc-0.8.1.jar;C:\workspace\JAVA_LEARN\hmMavenRepo\respository_new\joda-time\joda-time\2.10.3\joda-time-2.10.3.jar;C:\workspace\JAVA_LEARN\hmMavenRepo\respository_new\com\tdunning\t-digest\3.2\t-digest-3.2.jar;C:\workspace\JAVA_LEARN\hmMavenRepo\respository_new\org\hdrhistogram\HdrHistogram\2.1.9\HdrHistogram-2.1.9.jar;C:\workspace\JAVA_LEARN\hmMavenRepo\respository_new\org\apache\logging\log4j\log4j-api\2.13.3\log4j-api-2.13.3.jar;C:\workspace\JAVA_LEARN\hmMavenRepo\respository_new\org\elasticsearch\jna\4.5.1\jna-4.5.1.jar;C:\workspace\JAVA_LEARN\hmMavenRepo\respository_new\org\springframework\boot\spring-boot-starter-data-mongodb\2.3.9.RELEASE\spring-boot-starter-data-mongodb-2.3.9.RELEASE.jar;C:\workspace\JAVA_LEARN\hmMavenRepo\respository_new\org\springframework\boot\spring-boot-starter\2.3.9.RELEASE\spring-boot-starter-2.3.9.RELEASE.jar;C:\workspace\JAVA_LEARN\hmMavenRepo\respository_new\org\springframework\boot\spring-boot\2.3.9.RELEASE\spring-boot-2.3.9.RELEASE.jar;C:\workspace\JAVA_LEARN\hmMavenRepo\respository_new\org\springframework\boot\spring-boot-autoconfigure\2.3.9.RELEASE\spring-boot-autoconfigure-2.3.9.RELEASE.jar;C:\workspace\JAVA_LEARN\hmMavenRepo\respository_new\jakarta\annotation\jakarta.annotation-api\1.3.5\jakarta.annotation-api-1.3.5.jar;C:\workspace\JAVA_LEARN\hmMavenRepo\respository_new\org\mongodb\mongodb-driver-sync\4.0.5\mongodb-driver-sync-4.0.5.jar;C:\workspace\JAVA_LEARN\hmMavenRepo\respository_new\org\mongodb\bson\4.0.5\bson-4.0.5.jar;C:\workspace\JAVA_LEARN\hmMavenRepo\respository_new\org\mongodb\mongodb-driver-core\4.0.5\mongodb-driver-core-4.0.5.jar;C:\workspace\JAVA_LEARN\hmMavenRepo\respository_new\org\springframework\data\spring-data-mongodb\3.0.7.RELEASE\spring-data-mongodb-3.0.7.RELEASE.jar;C:\workspace\JAVA_LEARN\hmMavenRepo\respository_new\org\springframework\spring-tx\5.2.13.RELEASE\spring-tx-5.2.13.RELEASE.jar;C:\workspace\JAVA_LEARN\hmMavenRepo\respository_new\org\springframework\spring-context\5.2.13.RELEASE\spring-context-5.2.13.RELEASE.jar;C:\workspace\JAVA_LEARN\hmMavenRepo\respository_new\org\springframework\spring-beans\5.2.13.RELEASE\spring-beans-5.2.13.RELEASE.jar;C:\workspace\JAVA_LEARN\hmMavenRepo\respository_new\org\springframework\spring-expression\5.2.13.RELEASE\spring-expression-5.2.13.RELEASE.jar;C:\workspace\JAVA_LEARN\hmMavenRepo\respository_new\org\springframework\data\spring-data-commons\2.3.7.RELEASE\spring-data-commons-2.3.7.RELEASE.jar;C:\workspace\JAVA_LEARN\hmMavenRepo\respository_new\org\slf4j\slf4j-api\1.7.30\slf4j-api-1.7.30.jar;C:\workspace\JAVA_LEARN\hmMavenRepo\respository_new\com\heima\heima-leadnews-model\1.0-SNAPSHOT\heima-leadnews-model-1.0-SNAPSHOT.jar;C:\workspace\JAVA_LEARN\hmMavenRepo\respository_new\mysql\mysql-connector-java\5.1.46\mysql-connector-java-5.1.46.jar;C:\workspace\JAVA_LEARN\hmMavenRepo\respository_new\org\mybatis\mybatis\3.5.1\mybatis-3.5.1.jar;C:\workspace\JAVA_LEARN\hmMavenRepo\respository_new\org\apache\commons\commons-lang3\3.5\commons-lang3-3.5.jar;C:\workspace\JAVA_LEARN\hmMavenRepo\respository_new\com\baomidou\mybatis-plus-boot-starter\3.4.1\mybatis-plus-boot-starter-3.4.1.jar;C:\workspace\JAVA_LEARN\hmMavenRepo\respository_new\com\baomidou\mybatis-plus\3.4.1\mybatis-plus-3.4.1.jar;C:\workspace\JAVA_LEARN\hmMavenRepo\respository_new\com\baomidou\mybatis-plus-extension\3.4.1\mybatis-plus-extension-3.4.1.jar;C:\workspace\JAVA_LEARN\hmMavenRepo\respository_new\com\baomidou\mybatis-plus-core\3.4.1\mybatis-plus-core-3.4.1.jar;C:\workspace\JAVA_LEARN\hmMavenRepo\respository_new\com\baomidou\mybatis-plus-annotation\3.4.1\mybatis-plus-annotation-3.4.1.jar;C:\workspace\JAVA_LEARN\hmMavenRepo\respository_new\com\github\jsqlparser\jsqlparser\3.2\jsqlparser-3.2.jar;C:\workspace\JAVA_LEARN\hmMavenRepo\respository_new\org\mybatis\mybatis-spring\2.0.1\mybatis-spring-2.0.1.jar;C:\workspace\JAVA_LEARN\hmMavenRepo\respository_new\org\springframework\boot\spring-boot-starter-jdbc\2.3.9.RELEASE\spring-boot-starter-jdbc-2.3.9.RELEASE.jar;C:\workspace\JAVA_LEARN\hmMavenRepo\respository_new\com\zaxxer\HikariCP\3.4.5\HikariCP-3.4.5.jar;C:\workspace\JAVA_LEARN\hmMavenRepo\respository_new\org\springframework\spring-jdbc\5.2.13.RELEASE\spring-jdbc-5.2.13.RELEASE.jar;C:\workspace\JAVA_LEARN\hmMavenRepo\respository_new\com\alibaba\fastjson\1.2.58\fastjson-1.2.58.jar;C:\workspace\JAVA_LEARN\hmMavenRepo\respository_new\io\springfox\springfox-swagger2\2.9.2\springfox-swagger2-2.9.2.jar;C:\workspace\JAVA_LEARN\hmMavenRepo\respository_new\io\swagger\swagger-annotations\1.5.20\swagger-annotations-1.5.20.jar;C:\workspace\JAVA_LEARN\hmMavenRepo\respository_new\io\swagger\swagger-models\1.5.20\swagger-models-1.5.20.jar;C:\workspace\JAVA_LEARN\hmMavenRepo\respository_new\com\fasterxml\jackson\core\jackson-annotations\2.11.4\jackson-annotations-2.11.4.jar;C:\workspace\JAVA_LEARN\hmMavenRepo\respository_new\io\springfox\springfox-spi\2.9.2\springfox-spi-2.9.2.jar;C:\workspace\JAVA_LEARN\hmMavenRepo\respository_new\io\springfox\springfox-core\2.9.2\springfox-core-2.9.2.jar;C:\workspace\JAVA_LEARN\hmMavenRepo\respository_new\io\springfox\springfox-schema\2.9.2\springfox-schema-2.9.2.jar;C:\workspace\JAVA_LEARN\hmMavenRepo\respository_new\io\springfox\springfox-swagger-common\2.9.2\springfox-swagger-common-2.9.2.jar;C:\workspace\JAVA_LEARN\hmMavenRepo\respository_new\io\springfox\springfox-spring-web\2.9.2\springfox-spring-web-2.9.2.jar;C:\workspace\JAVA_LEARN\hmMavenRepo\respository_new\com\google\guava\guava\29.0-jre\guava-29.0-jre.jar;C:\workspace\JAVA_LEARN\hmMavenRepo\respository_new\com\google\guava\failureaccess\1.0.1\failureaccess-1.0.1.jar;C:\workspace\JAVA_LEARN\hmMavenRepo\respository_new\com\google\guava\listenablefuture\9999.0-empty-to-avoid-conflict-with-guava\listenablefuture-9999.0-empty-to-avoid-conflict-with-guava.jar;C:\workspace\JAVA_LEARN\hmMavenRepo\respository_new\com\google\code\findbugs\jsr305\3.0.2\jsr305-3.0.2.jar;C:\workspace\JAVA_LEARN\hmMavenRepo\respository_new\org\checkerframework\checker-qual\2.11.1\checker-qual-2.11.1.jar;C:\workspace\JAVA_LEARN\hmMavenRepo\respository_new\com\google\errorprone\error_prone_annotations\2.3.4\error_prone_annotations-2.3.4.jar;C:\workspace\JAVA_LEARN\hmMavenRepo\respository_new\com\google\j2objc\j2objc-annotations\1.3\j2objc-annotations-1.3.jar;C:\workspace\JAVA_LEARN\hmMavenRepo\respository_new\com\fasterxml\classmate\1.5.1\classmate-1.5.1.jar;C:\workspace\JAVA_LEARN\hmMavenRepo\respository_new\org\springframework\plugin\spring-plugin-core\1.2.0.RELEASE\spring-plugin-core-1.2.0.RELEASE.jar;C:\workspace\JAVA_LEARN\hmMavenRepo\respository_new\org\springframework\plugin\spring-plugin-metadata\1.2.0.RELEASE\spring-plugin-metadata-1.2.0.RELEASE.jar;C:\workspace\JAVA_LEARN\hmMavenRepo\respository_new\org\mapstruct\mapstruct\1.2.0.Final\mapstruct-1.2.0.Final.jar;C:\workspace\JAVA_LEARN\hmMavenRepo\respository_new\io\springfox\springfox-swagger-ui\2.9.2\springfox-swagger-ui-2.9.2.jar;C:\workspace\JAVA_LEARN\hmMavenRepo\respository_new\com\heima\heima-leadnews-common\1.0-SNAPSHOT\heima-leadnews-common-1.0-SNAPSHOT.jar;C:\workspace\JAVA_LEARN\hmMavenRepo\respository_new\com\heima\heima-leadnews-utils\1.0-SNAPSHOT\heima-leadnews-utils-1.0-SNAPSHOT.jar;C:\workspace\JAVA_LEARN\hmMavenRepo\respository_new\io\jsonwebtoken\jjwt\0.9.1\jjwt-0.9.1.jar;C:\workspace\JAVA_LEARN\hmMavenRepo\respository_new\com\hankcs\hanlp\portable-1.3.4\hanlp-portable-1.3.4.jar;C:\workspace\JAVA_LEARN\hmMavenRepo\respository_new\commons-beanutils\commons-beanutils\1.9.3\commons-beanutils-1.9.3.jar;C:\workspace\JAVA_LEARN\hmMavenRepo\respository_new\commons-logging\commons-logging\1.2\commons-logging-1.2.jar;C:\workspace\JAVA_LEARN\hmMavenRepo\respository_new\commons-collections\commons-collections\3.2.2\commons-collections-3.2.2.jar;C:\workspace\JAVA_LEARN\hmMavenRepo\respository_new\io\protostuff\protostuff-core\1.6.0\protostuff-core-1.6.0.jar;C:\workspace\JAVA_LEARN\hmMavenRepo\respository_new\io\protostuff\protostuff-api\1.6.0\protostuff-api-1.6.0.jar;C:\workspace\JAVA_LEARN\hmMavenRepo\respository_new\io\protostuff\protostuff-runtime\1.6.0\protostuff-runtime-1.6.0.jar;C:\workspace\JAVA_LEARN\hmMavenRepo\respository_new\io\protostuff\protostuff-collectionschema\1.6.0\protostuff-collectionschema-1.6.0.jar;C:\workspace\JAVA_LEARN\hmMavenRepo\respository_new\org\reflections\reflections\0.9.11\reflections-0.9.11.jar;C:\workspace\JAVA_LEARN\hmMavenRepo\respository_new\org\javassist\javassist\3.21.0-GA\javassist-3.21.0-GA.jar;C:\workspace\JAVA_LEARN\hmMavenRepo\respository_new\org\springframework\boot\spring-boot-test\2.3.9.RELEASE\spring-boot-test-2.3.9.RELEASE.jar;C:\workspace\JAVA_LEARN\hmMavenRepo\respository_new\org\springframework\boot\spring-boot-starter-actuator\2.3.9.RELEASE\spring-boot-starter-actuator-2.3.9.RELEASE.jar;C:\workspace\JAVA_LEARN\hmMavenRepo\respository_new\org\springframework\boot\spring-boot-actuator-autoconfigure\2.3.9.RELEASE\spring-boot-actuator-autoconfigure-2.3.9.RELEASE.jar;C:\workspace\JAVA_LEARN\hmMavenRepo\respository_new\org\springframework\boot\spring-boot-actuator\2.3.9.RELEASE\spring-boot-actuator-2.3.9.RELEASE.jar;C:\workspace\JAVA_LEARN\hmMavenRepo\respository_new\io\micrometer\micrometer-core\1.5.11\micrometer-core-1.5.11.jar;C:\workspace\JAVA_LEARN\hmMavenRepo\respository_new\org\latencyutils\LatencyUtils\2.0.3\LatencyUtils-2.0.3.jar;C:\workspace\JAVA_LEARN\hmMavenRepo\respository_new\org\springframework\boot\spring-boot-starter-data-redis\2.3.9.RELEASE\spring-boot-starter-data-redis-2.3.9.RELEASE.jar;C:\workspace\JAVA_LEARN\hmMavenRepo\respository_new\org\springframework\data\spring-data-redis\2.3.7.RELEASE\spring-data-redis-2.3.7.RELEASE.jar;C:\workspace\JAVA_LEARN\hmMavenRepo\respository_new\org\springframework\data\spring-data-keyvalue\2.3.7.RELEASE\spring-data-keyvalue-2.3.7.RELEASE.jar;C:\workspace\JAVA_LEARN\hmMavenRepo\respository_new\org\springframework\spring-oxm\5.2.13.RELEASE\spring-oxm-5.2.13.RELEASE.jar;C:\workspace\JAVA_LEARN\hmMavenRepo\respository_new\io\lettuce\lettuce-core\5.3.6.RELEASE\lettuce-core-5.3.6.RELEASE.jar;C:\workspace\JAVA_LEARN\hmMavenRepo\respository_new\io\netty\netty-common\4.1.59.Final\netty-common-4.1.59.Final.jar;C:\workspace\JAVA_LEARN\hmMavenRepo\respository_new\io\netty\netty-handler\4.1.59.Final\netty-handler-4.1.59.Final.jar;C:\workspace\JAVA_LEARN\hmMavenRepo\respository_new\io\netty\netty-resolver\4.1.59.Final\netty-resolver-4.1.59.Final.jar;C:\workspace\JAVA_LEARN\hmMavenRepo\respository_new\io\netty\netty-buffer\4.1.59.Final\netty-buffer-4.1.59.Final.jar;C:\workspace\JAVA_LEARN\hmMavenRepo\respository_new\io\netty\netty-codec\4.1.59.Final\netty-codec-4.1.59.Final.jar;C:\workspace\JAVA_LEARN\hmMavenRepo\respository_new\io\netty\netty-transport\4.1.59.Final\netty-transport-4.1.59.Final.jar;C:\workspace\JAVA_LEARN\hmMavenRepo\respository_new\io\projectreactor\reactor-core\3.3.14.RELEASE\reactor-core-3.3.14.RELEASE.jar;C:\workspace\JAVA_LEARN\hmMavenRepo\respository_new\org\reactivestreams\reactive-streams\1.0.3\reactive-streams-1.0.3.jar;C:\workspace\JAVA_LEARN\hmMavenRepo\respository_new\org\apache\commons\commons-pool2\2.8.1\commons-pool2-2.8.1.jar;C:\workspace\JAVA_LEARN\hmMavenRepo\respository_new\org\springframework\boot\spring-boot-starter-cache\2.3.9.RELEASE\spring-boot-starter-cache-2.3.9.RELEASE.jar;C:\workspace\JAVA_LEARN\hmMavenRepo\respository_new\org\springframework\spring-context-support\5.2.13.RELEASE\spring-context-support-5.2.13.RELEASE.jar;C:\workspace\JAVA_LEARN\hmMavenRepo\respository_new\com\github\tobato\fastdfs-client\1.26.5\fastdfs-client-1.26.5.jar;C:\workspace\JAVA_LEARN\hmMavenRepo\respository_new\org\slf4j\jcl-over-slf4j\1.7.30\jcl-over-slf4j-1.7.30.jar;C:\workspace\JAVA_LEARN\hmMavenRepo\respository_new\ch\qos\logback\logback-classic\1.2.3\logback-classic-1.2.3.jar;C:\workspace\JAVA_LEARN\hmMavenRepo\respository_new\ch\qos\logback\logback-core\1.2.3\logback-core-1.2.3.jar;C:\workspace\JAVA_LEARN\hmMavenRepo\respository_new\commons-io\commons-io\2.6\commons-io-2.6.jar;C:\workspace\JAVA_LEARN\hmMavenRepo\respository_new\org\hibernate\validator\hibernate-validator\6.1.7.Final\hibernate-validator-6.1.7.Final.jar;C:\workspace\JAVA_LEARN\hmMavenRepo\respository_new\jakarta\validation\jakarta.validation-api\2.0.2\jakarta.validation-api-2.0.2.jar;C:\workspace\JAVA_LEARN\hmMavenRepo\respository_new\org\jboss\logging\jboss-logging\3.4.1.Final\jboss-logging-3.4.1.Final.jar;C:\workspace\JAVA_LEARN\hmMavenRepo\respository_new\net\coobird\thumbnailator\0.4.8\thumbnailator-0.4.8.jar;C:\workspace\JAVA_LEARN\hmMavenRepo\respository_new\org\springframework\kafka\spring-kafka\2.6.6\spring-kafka-2.6.6.jar;C:\workspace\JAVA_LEARN\hmMavenRepo\respository_new\org\springframework\spring-messaging\5.2.13.RELEASE\spring-messaging-5.2.13.RELEASE.jar;C:\workspace\JAVA_LEARN\hmMavenRepo\respository_new\org\springframework\retry\spring-retry\1.2.5.RELEASE\spring-retry-1.2.5.RELEASE.jar;C:\workspace\JAVA_LEARN\hmMavenRepo\respository_new\org\apache\kafka\kafka-clients\2.5.1\kafka-clients-2.5.1.jar;C:\workspace\JAVA_LEARN\hmMavenRepo\respository_new\com\github\luben\zstd-jni\1.4.4-7\zstd-jni-1.4.4-7.jar;C:\workspace\JAVA_LEARN\hmMavenRepo\respository_new\org\lz4\lz4-java\1.7.1\lz4-java-1.7.1.jar;C:\workspace\JAVA_LEARN\hmMavenRepo\respository_new\org\xerial\snappy\snappy-java\1.1.7.3\snappy-java-1.1.7.3.jar;C:\workspace\JAVA_LEARN\hmMavenRepo\respository_new\org\apache\kafka\kafka-streams\2.5.1\kafka-streams-2.5.1.jar;C:\workspace\JAVA_LEARN\hmMavenRepo\respository_new\org\rocksdb\rocksdbjni\5.18.3\rocksdbjni-5.18.3.jar;C:\workspace\JAVA_LEARN\hmMavenRepo\respository_new\com\aliyun\aliyun-java-sdk-core\4.1.1\aliyun-java-sdk-core-4.1.1.jar;C:\workspace\JAVA_LEARN\hmMavenRepo\respository_new\com\google\code\gson\gson\2.8.6\gson-2.8.6.jar;C:\workspace\JAVA_LEARN\hmMavenRepo\respository_new\javax\xml\bind\jaxb-api\2.3.1\jaxb-api-2.3.1.jar;C:\workspace\JAVA_LEARN\hmMavenRepo\respository_new\javax\activation\javax.activation-api\1.2.0\javax.activation-api-1.2.0.jar;C:\workspace\JAVA_LEARN\hmMavenRepo\respository_new\com\sun\xml\bind\jaxb-core\2.1.14\jaxb-core-2.1.14.jar;C:\workspace\JAVA_LEARN\hmMavenRepo\respository_new\com\sun\xml\bind\jaxb-impl\2.1\jaxb-impl-2.1.jar;C:\workspace\JAVA_LEARN\hmMavenRepo\respository_new\javax\activation\activation\1.1.1\activation-1.1.1.jar;C:\workspace\JAVA_LEARN\hmMavenRepo\respository_new\com\aliyun\aliyun-java-sdk-green\3.4.1\aliyun-java-sdk-green-3.4.1.jar;C:\workspace\JAVA_LEARN\hmMavenRepo\respository_new\com\aliyun\oss\aliyun-sdk-oss\2.8.3\aliyun-sdk-oss-2.8.3.jar;C:\workspace\JAVA_LEARN\hmMavenRepo\respository_new\org\jdom\jdom\1.1\jdom-1.1.jar;C:\workspace\JAVA_LEARN\hmMavenRepo\respository_new\org\apache\hbase\hbase-client\2.1.5\hbase-client-2.1.5.jar;C:\workspace\JAVA_LEARN\hmMavenRepo\respository_new\org\apache\hbase\thirdparty\hbase-shaded-protobuf\2.1.0\hbase-shaded-protobuf-2.1.0.jar;C:\workspace\JAVA_LEARN\hmMavenRepo\respository_new\org\apache\hbase\hbase-common\2.1.5\hbase-common-2.1.5.jar;C:\workspace\JAVA_LEARN\hmMavenRepo\respository_new\com\github\stephenc\findbugs\findbugs-annotations\1.3.9-1\findbugs-annotations-1.3.9-1.jar;C:\workspace\JAVA_LEARN\hmMavenRepo\respository_new\org\apache\hbase\hbase-hadoop-compat\2.1.5\hbase-hadoop-compat-2.1.5.jar;C:\workspace\JAVA_LEARN\hmMavenRepo\respository_new\org\apache\hbase\hbase-metrics-api\2.1.5\hbase-metrics-api-2.1.5.jar;C:\workspace\JAVA_LEARN\hmMavenRepo\respository_new\org\apache\hbase\hbase-hadoop2-compat\2.1.5\hbase-hadoop2-compat-2.1.5.jar;C:\workspace\JAVA_LEARN\hmMavenRepo\respository_new\org\apache\hbase\hbase-metrics\2.1.5\hbase-metrics-2.1.5.jar;C:\workspace\JAVA_LEARN\hmMavenRepo\respository_new\org\apache\hbase\hbase-protocol-shaded\2.1.5\hbase-protocol-shaded-2.1.5.jar;C:\workspace\JAVA_LEARN\hmMavenRepo\respository_new\org\apache\hbase\hbase-protocol\2.1.5\hbase-protocol-2.1.5.jar;C:\workspace\JAVA_LEARN\hmMavenRepo\respository_new\org\apache\hbase\thirdparty\hbase-shaded-miscellaneous\2.1.0\hbase-shaded-miscellaneous-2.1.0.jar;C:\workspace\JAVA_LEARN\hmMavenRepo\respository_new\com\google\protobuf\protobuf-java\3.13.0\protobuf-java-3.13.0.jar;C:\workspace\JAVA_LEARN\hmMavenRepo\respository_new\org\apache\hbase\thirdparty\hbase-shaded-netty\2.1.0\hbase-shaded-netty-2.1.0.jar;C:\workspace\JAVA_LEARN\hmMavenRepo\respository_new\org\apache\zookeeper\zookeeper\3.4.10\zookeeper-3.4.10.jar;C:\workspace\JAVA_LEARN\hmMavenRepo\respository_new\org\apache\htrace\htrace-core4\4.2.0-incubating\htrace-core4-4.2.0-incubating.jar;C:\workspace\JAVA_LEARN\hmMavenRepo\respository_new\org\jruby\jcodings\jcodings\1.0.18\jcodings-1.0.18.jar;C:\workspace\JAVA_LEARN\hmMavenRepo\respository_new\org\jruby\joni\joni\2.1.11\joni-2.1.11.jar;C:\workspace\JAVA_LEARN\hmMavenRepo\respository_new\io\dropwizard\metrics\metrics-core\4.1.17\metrics-core-4.1.17.jar;C:\workspace\JAVA_LEARN\hmMavenRepo\respository_new\org\apache\commons\commons-crypto\1.0.0\commons-crypto-1.0.0.jar;C:\workspace\JAVA_LEARN\hmMavenRepo\respository_new\com\fasterxml\jackson\core\jackson-databind\2.11.4\jackson-databind-2.11.4.jar;C:\workspace\JAVA_LEARN\hmMavenRepo\respository_new\org\apache\hadoop\hadoop-auth\2.7.7\hadoop-auth-2.7.7.jar;C:\workspace\JAVA_LEARN\hmMavenRepo\respository_new\org\apache\directory\server\apacheds-kerberos-codec\2.0.0-M15\apacheds-kerberos-codec-2.0.0-M15.jar;C:\workspace\JAVA_LEARN\hmMavenRepo\respository_new\org\apache\directory\server\apacheds-i18n\2.0.0-M15\apacheds-i18n-2.0.0-M15.jar;C:\workspace\JAVA_LEARN\hmMavenRepo\respository_new\org\apache\directory\api\api-asn1-api\1.0.0-M20\api-asn1-api-1.0.0-M20.jar;C:\workspace\JAVA_LEARN\hmMavenRepo\respository_new\org\apache\directory\api\api-util\1.0.0-M20\api-util-1.0.0-M20.jar;C:\workspace\JAVA_LEARN\hmMavenRepo\respository_new\org\apache\curator\curator-framework\4.2.0\curator-framework-4.2.0.jar;C:\workspace\JAVA_LEARN\hmMavenRepo\respository_new\org\apache\hadoop\hadoop-common\2.7.7\hadoop-common-2.7.7.jar;C:\workspace\JAVA_LEARN\hmMavenRepo\respository_new\org\apache\hadoop\hadoop-annotations\2.7.7\hadoop-annotations-2.7.7.jar;C:\Program Files\Java\jdk-1.8\jre\..\lib\tools.jar;C:\workspace\JAVA_LEARN\hmMavenRepo\respository_new\commons-cli\commons-cli\1.2\commons-cli-1.2.jar;C:\workspace\JAVA_LEARN\hmMavenRepo\respository_new\org\apache\commons\commons-math3\3.1.1\commons-math3-3.1.1.jar;C:\workspace\JAVA_LEARN\hmMavenRepo\respository_new\xmlenc\xmlenc\0.52\xmlenc-0.52.jar;C:\workspace\JAVA_LEARN\hmMavenRepo\respository_new\commons-httpclient\commons-httpclient\3.1\commons-httpclient-3.1.jar;C:\workspace\JAVA_LEARN\hmMavenRepo\respository_new\commons-net\commons-net\3.1\commons-net-3.1.jar;C:\workspace\JAVA_LEARN\hmMavenRepo\respository_new\org\mortbay\jetty\jetty-sslengine\6.1.26\jetty-sslengine-6.1.26.jar;C:\workspace\JAVA_LEARN\hmMavenRepo\respository_new\commons-lang\commons-lang\2.6\commons-lang-2.6.jar;C:\workspace\JAVA_LEARN\hmMavenRepo\respository_new\commons-configuration\commons-configuration\1.6\commons-configuration-1.6.jar;C:\workspace\JAVA_LEARN\hmMavenRepo\respository_new\commons-digester\commons-digester\1.8\commons-digester-1.8.jar;C:\workspace\JAVA_LEARN\hmMavenRepo\respository_new\commons-beanutils\commons-beanutils-core\1.8.0\commons-beanutils-core-1.8.0.jar;C:\workspace\JAVA_LEARN\hmMavenRepo\respository_new\org\codehaus\jackson\jackson-core-asl\1.9.13\jackson-core-asl-1.9.13.jar;C:\workspace\JAVA_LEARN\hmMavenRepo\respository_new\org\codehaus\jackson\jackson-mapper-asl\1.9.13\jackson-mapper-asl-1.9.13.jar;C:\workspace\JAVA_LEARN\hmMavenRepo\respository_new\org\apache\avro\avro\1.7.4\avro-1.7.4.jar;C:\workspace\JAVA_LEARN\hmMavenRepo\respository_new\com\thoughtworks\paranamer\paranamer\2.3\paranamer-2.3.jar;C:\workspace\JAVA_LEARN\hmMavenRepo\respository_new\com\jcraft\jsch\0.1.54\jsch-0.1.54.jar;C:\workspace\JAVA_LEARN\hmMavenRepo\respository_new\org\apache\curator\curator-client\2.7.1\curator-client-2.7.1.jar;C:\workspace\JAVA_LEARN\hmMavenRepo\respository_new\org\apache\curator\curator-recipes\4.2.0\curator-recipes-4.2.0.jar;C:\workspace\JAVA_LEARN\hmMavenRepo\respository_new\org\apache\htrace\htrace-core\3.1.0-incubating\htrace-core-3.1.0-incubating.jar;C:\workspace\JAVA_LEARN\hmMavenRepo\respository_new\org\apache\commons\commons-compress\1.4.1\commons-compress-1.4.1.jar;C:\workspace\JAVA_LEARN\hmMavenRepo\respository_new\org\tukaani\xz\1.0\xz-1.0.jar;C:\workspace\JAVA_LEARN\hmMavenRepo\respository_new\org\apache\yetus\audience-annotations\0.5.0\audience-annotations-0.5.0.jar;C:\workspace\JAVA_LEARN\hmMavenRepo\respository_new\junit\junit\4.12\junit-4.12.jar;C:\workspace\JAVA_LEARN\hmMavenRepo\respository_new\org\hamcrest\hamcrest-core\2.2\hamcrest-core-2.2.jar;C:\workspace\JAVA_LEARN\hmMavenRepo\respository_new\org\jsoup\jsoup\1.10.2\jsoup-1.10.2.jar;C:\workspace\JAVA_LEARN\hmMavenRepo\respository_new\com\github\xiaoymin\knife4j-spring-boot-starter\2.0.2\knife4j-spring-boot-starter-2.0.2.jar;C:\workspace\JAVA_LEARN\hmMavenRepo\respository_new\com\github\xiaoymin\knife4j-spring-boot-autoconfigure\2.0.2\knife4j-spring-boot-autoconfigure-2.0.2.jar;C:\workspace\JAVA_LEARN\hmMavenRepo\respository_new\com\github\xiaoymin\knife4j-spring\2.0.2\knife4j-spring-2.0.2.jar;C:\workspace\JAVA_LEARN\hmMavenRepo\respository_new\com\github\xiaoymin\knife4j-annotations\2.0.2\knife4j-annotations-2.0.2.jar;C:\workspace\JAVA_LEARN\hmMavenRepo\respository_new\com\github\xiaoymin\knife4j-core\2.0.2\knife4j-core-2.0.2.jar;C:\workspace\JAVA_LEARN\hmMavenRepo\respository_new\io\springfox\springfox-bean-validators\2.9.2\springfox-bean-validators-2.9.2.jar;C:\workspace\JAVA_LEARN\hmMavenRepo\respository_new\com\github\xiaoymin\knife4j-spring-ui\2.0.2\knife4j-spring-ui-2.0.2.jar;C:\workspace\JAVA_LEARN\hmMavenRepo\respository_new\com\heima\heima-leadnews-feign-api\1.0-SNAPSHOT\heima-leadnews-feign-api-1.0-SNAPSHOT.jar;C:\workspace\JAVA_LEARN\hmMavenRepo\respository_new\org\springframework\cloud\spring-cloud-starter-openfeign\2.2.7.RELEASE\spring-cloud-starter-openfeign-2.2.7.RELEASE.jar;C:\workspace\JAVA_LEARN\hmMavenRepo\respository_new\org\springframework\cloud\spring-cloud-starter\2.2.7.RELEASE\spring-cloud-starter-2.2.7.RELEASE.jar;C:\workspace\JAVA_LEARN\hmMavenRepo\respository_new\org\springframework\security\spring-security-rsa\1.0.9.RELEASE\spring-security-rsa-1.0.9.RELEASE.jar;C:\workspace\JAVA_LEARN\hmMavenRepo\respository_new\org\bouncycastle\bcpkix-jdk15on\1.64\bcpkix-jdk15on-1.64.jar;C:\workspace\JAVA_LEARN\hmMavenRepo\respository_new\org\bouncycastle\bcprov-jdk15on\1.64\bcprov-jdk15on-1.64.jar;C:\workspace\JAVA_LEARN\hmMavenRepo\respository_new\org\springframework\cloud\spring-cloud-openfeign-core\2.2.7.RELEASE\spring-cloud-openfeign-core-2.2.7.RELEASE.jar;C:\workspace\JAVA_LEARN\hmMavenRepo\respository_new\org\springframework\boot\spring-boot-starter-aop\2.3.9.RELEASE\spring-boot-starter-aop-2.3.9.RELEASE.jar;C:\workspace\JAVA_LEARN\hmMavenRepo\respository_new\org\aspectj\aspectjweaver\1.9.6\aspectjweaver-1.9.6.jar;C:\workspace\JAVA_LEARN\hmMavenRepo\respository_new\io\github\openfeign\form\feign-form-spring\3.8.0\feign-form-spring-3.8.0.jar;C:\workspace\JAVA_LEARN\hmMavenRepo\respository_new\io\github\openfeign\form\feign-form\3.8.0\feign-form-3.8.0.jar;C:\workspace\JAVA_LEARN\hmMavenRepo\respository_new\commons-fileupload\commons-fileupload\1.4\commons-fileupload-1.4.jar;C:\workspace\JAVA_LEARN\hmMavenRepo\respository_new\io\github\openfeign\feign-core\10.10.1\feign-core-10.10.1.jar;C:\workspace\JAVA_LEARN\hmMavenRepo\respository_new\io\github\openfeign\feign-slf4j\10.10.1\feign-slf4j-10.10.1.jar;C:\workspace\JAVA_LEARN\hmMavenRepo\respository_new\io\github\openfeign\feign-hystrix\10.10.1\feign-hystrix-10.10.1.jar;C:\workspace\JAVA_LEARN\hmMavenRepo\respository_new\com\netflix\archaius\archaius-core\0.7.7\archaius-core-0.7.7.jar;C:\workspace\JAVA_LEARN\hmMavenRepo\respository_new\com\netflix\hystrix\hystrix-core\1.5.18\hystrix-core-1.5.18.jar;C:\workspace\JAVA_LEARN\hmMavenRepo\respository_new\org\springframework\boot\spring-boot-starter-web\2.3.9.RELEASE\spring-boot-starter-web-2.3.9.RELEASE.jar;C:\workspace\JAVA_LEARN\hmMavenRepo\respository_new\org\springframework\boot\spring-boot-starter-json\2.3.9.RELEASE\spring-boot-starter-json-2.3.9.RELEASE.jar;C:\workspace\JAVA_LEARN\hmMavenRepo\respository_new\com\fasterxml\jackson\datatype\jackson-datatype-jdk8\2.11.4\jackson-datatype-jdk8-2.11.4.jar;C:\workspace\JAVA_LEARN\hmMavenRepo\respository_new\com\fasterxml\jackson\datatype\jackson-datatype-jsr310\2.11.4\jackson-datatype-jsr310-2.11.4.jar;C:\workspace\JAVA_LEARN\hmMavenRepo\respository_new\com\fasterxml\jackson\module\jackson-module-parameter-names\2.11.4\jackson-module-parameter-names-2.11.4.jar;C:\workspace\JAVA_LEARN\hmMavenRepo\respository_new\org\springframework\boot\spring-boot-starter-tomcat\2.3.9.RELEASE\spring-boot-starter-tomcat-2.3.9.RELEASE.jar;C:\workspace\JAVA_LEARN\hmMavenRepo\respository_new\org\apache\tomcat\embed\tomcat-embed-core\9.0.43\tomcat-embed-core-9.0.43.jar;C:\workspace\JAVA_LEARN\hmMavenRepo\respository_new\org\glassfish\jakarta.el\3.0.3\jakarta.el-3.0.3.jar;C:\workspace\JAVA_LEARN\hmMavenRepo\respository_new\org\apache\tomcat\embed\tomcat-embed-websocket\9.0.43\tomcat-embed-websocket-9.0.43.jar;C:\workspace\JAVA_LEARN\hmMavenRepo\respository_new\org\springframework\spring-web\5.2.13.RELEASE\spring-web-5.2.13.RELEASE.jar;C:\workspace\JAVA_LEARN\hmMavenRepo\respository_new\org\springframework\spring-webmvc\5.2.13.RELEASE\spring-webmvc-5.2.13.RELEASE.jar;C:\workspace\JAVA_LEARN\hmMavenRepo\respository_new\org\springframework\spring-aop\5.2.13.RELEASE\spring-aop-5.2.13.RELEASE.jar;C:\workspace\JAVA_LEARN\hmMavenRepo\respository_new\org\springframework\boot\spring-boot-starter-test\2.3.9.RELEASE\spring-boot-starter-test-2.3.9.RELEASE.jar;C:\workspace\JAVA_LEARN\hmMavenRepo\respository_new\org\springframework\boot\spring-boot-test-autoconfigure\2.3.9.RELEASE\spring-boot-test-autoconfigure-2.3.9.RELEASE.jar;C:\workspace\JAVA_LEARN\hmMavenRepo\respository_new\com\jayway\jsonpath\json-path\2.4.0\json-path-2.4.0.jar;C:\workspace\JAVA_LEARN\hmMavenRepo\respository_new\net\minidev\json-smart\2.3\json-smart-2.3.jar;C:\workspace\JAVA_LEARN\hmMavenRepo\respository_new\net\minidev\accessors-smart\1.2\accessors-smart-1.2.jar;C:\workspace\JAVA_LEARN\hmMavenRepo\respository_new\org\ow2\asm\asm\5.0.4\asm-5.0.4.jar;C:\workspace\JAVA_LEARN\hmMavenRepo\respository_new\jakarta\xml\bind\jakarta.xml.bind-api\2.3.3\jakarta.xml.bind-api-2.3.3.jar;C:\workspace\JAVA_LEARN\hmMavenRepo\respository_new\jakarta\activation\jakarta.activation-api\1.2.2\jakarta.activation-api-1.2.2.jar;C:\workspace\JAVA_LEARN\hmMavenRepo\respository_new\org\assertj\assertj-core\3.16.1\assertj-core-3.16.1.jar;C:\workspace\JAVA_LEARN\hmMavenRepo\respository_new\org\hamcrest\hamcrest\2.2\hamcrest-2.2.jar;C:\workspace\JAVA_LEARN\hmMavenRepo\respository_new\org\junit\jupiter\junit-jupiter\5.6.3\junit-jupiter-5.6.3.jar;C:\workspace\JAVA_LEARN\hmMavenRepo\respository_new\org\junit\jupiter\junit-jupiter-api\5.6.3\junit-jupiter-api-5.6.3.jar;C:\workspace\JAVA_LEARN\hmMavenRepo\respository_new\org\opentest4j\opentest4j\1.2.0\opentest4j-1.2.0.jar;C:\workspace\JAVA_LEARN\hmMavenRepo\respository_new\org\junit\platform\junit-platform-commons\1.6.3\junit-platform-commons-1.6.3.jar;C:\workspace\JAVA_LEARN\hmMavenRepo\respository_new\org\junit\jupiter\junit-jupiter-params\5.6.3\junit-jupiter-params-5.6.3.jar;C:\workspace\JAVA_LEARN\hmMavenRepo\respository_new\org\junit\jupiter\junit-jupiter-engine\5.6.3\junit-jupiter-engine-5.6.3.jar;C:\workspace\JAVA_LEARN\hmMavenRepo\respository_new\org\junit\vintage\junit-vintage-engine\5.6.3\junit-vintage-engine-5.6.3.jar;C:\workspace\JAVA_LEARN\hmMavenRepo\respository_new\org\apiguardian\apiguardian-api\1.1.0\apiguardian-api-1.1.0.jar;C:\workspace\JAVA_LEARN\hmMavenRepo\respository_new\org\junit\platform\junit-platform-engine\1.6.3\junit-platform-engine-1.6.3.jar;C:\workspace\JAVA_LEARN\hmMavenRepo\respository_new\org\mockito\mockito-core\3.3.3\mockito-core-3.3.3.jar;C:\workspace\JAVA_LEARN\hmMavenRepo\respository_new\net\bytebuddy\byte-buddy\1.10.20\byte-buddy-1.10.20.jar;C:\workspace\JAVA_LEARN\hmMavenRepo\respository_new\net\bytebuddy\byte-buddy-agent\1.10.20\byte-buddy-agent-1.10.20.jar;C:\workspace\JAVA_LEARN\hmMavenRepo\respository_new\org\objenesis\objenesis\2.6\objenesis-2.6.jar;C:\workspace\JAVA_LEARN\hmMavenRepo\respository_new\org\mockito\mockito-junit-jupiter\3.3.3\mockito-junit-jupiter-3.3.3.jar;C:\workspace\JAVA_LEARN\hmMavenRepo\respository_new\org\skyscreamer\jsonassert\1.5.0\jsonassert-1.5.0.jar;C:\workspace\JAVA_LEARN\hmMavenRepo\respository_new\com\vaadin\external\google\android-json\0.0.20131108.vaadin1\android-json-0.0.20131108.vaadin1.jar;C:\workspace\JAVA_LEARN\hmMavenRepo\respository_new\org\springframework\spring-core\5.2.13.RELEASE\spring-core-5.2.13.RELEASE.jar;C:\workspace\JAVA_LEARN\hmMavenRepo\respository_new\org\springframework\spring-jcl\5.2.13.RELEASE\spring-jcl-5.2.13.RELEASE.jar;C:\workspace\JAVA_LEARN\hmMavenRepo\respository_new\org\springframework\spring-test\5.2.13.RELEASE\spring-test-5.2.13.RELEASE.jar;C:\workspace\JAVA_LEARN\hmMavenRepo\respository_new\org\xmlunit\xmlunit-core\2.7.0\xmlunit-core-2.7.0.jar;C:\workspace\JAVA_LEARN\hmMavenRepo\respository_new\com\alibaba\cloud\spring-cloud-starter-alibaba-nacos-discovery\2.2.5.RELEASE\spring-cloud-starter-alibaba-nacos-discovery-2.2.5.RELEASE.jar;C:\workspace\JAVA_LEARN\hmMavenRepo\respository_new\com\alibaba\cloud\spring-cloud-alibaba-commons\2.2.5.RELEASE\spring-cloud-alibaba-commons-2.2.5.RELEASE.jar;C:\workspace\JAVA_LEARN\hmMavenRepo\respository_new\com\alibaba\nacos\nacos-client\1.4.1\nacos-client-1.4.1.jar;C:\workspace\JAVA_LEARN\hmMavenRepo\respository_new\com\alibaba\nacos\nacos-common\1.4.1\nacos-common-1.4.1.jar;C:\workspace\JAVA_LEARN\hmMavenRepo\respository_new\com\alibaba\nacos\nacos-api\1.4.1\nacos-api-1.4.1.jar;C:\workspace\JAVA_LEARN\hmMavenRepo\respository_new\io\prometheus\simpleclient\0.5.0\simpleclient-0.5.0.jar;C:\workspace\JAVA_LEARN\hmMavenRepo\respository_new\com\alibaba\spring\spring-context-support\1.0.10\spring-context-support-1.0.10.jar;C:\workspace\JAVA_LEARN\hmMavenRepo\respository_new\org\springframework\cloud\spring-cloud-commons\2.2.7.RELEASE\spring-cloud-commons-2.2.7.RELEASE.jar;C:\workspace\JAVA_LEARN\hmMavenRepo\respository_new\org\springframework\security\spring-security-crypto\5.3.8.RELEASE\spring-security-crypto-5.3.8.RELEASE.jar;C:\workspace\JAVA_LEARN\hmMavenRepo\respository_new\org\springframework\cloud\spring-cloud-context\2.2.7.RELEASE\spring-cloud-context-2.2.7.RELEASE.jar;C:\workspace\JAVA_LEARN\hmMavenRepo\respository_new\org\springframework\cloud\spring-cloud-starter-netflix-ribbon\2.2.7.RELEASE\spring-cloud-starter-netflix-ribbon-2.2.7.RELEASE.jar;C:\workspace\JAVA_LEARN\hmMavenRepo\respository_new\org\springframework\cloud\spring-cloud-netflix-ribbon\2.2.7.RELEASE\spring-cloud-netflix-ribbon-2.2.7.RELEASE.jar;C:\workspace\JAVA_LEARN\hmMavenRepo\respository_new\org\springframework\cloud\spring-cloud-netflix-archaius\2.2.7.RELEASE\spring-cloud-netflix-archaius-2.2.7.RELEASE.jar;C:\workspace\JAVA_LEARN\hmMavenRepo\respository_new\org\springframework\cloud\spring-cloud-starter-netflix-archaius\2.2.7.RELEASE\spring-cloud-starter-netflix-archaius-2.2.7.RELEASE.jar;C:\workspace\JAVA_LEARN\hmMavenRepo\respository_new\com\netflix\ribbon\ribbon\2.3.0\ribbon-2.3.0.jar;C:\workspace\JAVA_LEARN\hmMavenRepo\respository_new\com\netflix\ribbon\ribbon-transport\2.3.0\ribbon-transport-2.3.0.jar;C:\workspace\JAVA_LEARN\hmMavenRepo\respository_new\io\reactivex\rxnetty-contexts\0.4.9\rxnetty-contexts-0.4.9.jar;C:\workspace\JAVA_LEARN\hmMavenRepo\respository_new\io\reactivex\rxnetty-servo\0.4.9\rxnetty-servo-0.4.9.jar;C:\workspace\JAVA_LEARN\hmMavenRepo\respository_new\javax\inject\javax.inject\1\javax.inject-1.jar;C:\workspace\JAVA_LEARN\hmMavenRepo\respository_new\io\reactivex\rxnetty\0.4.9\rxnetty-0.4.9.jar;C:\workspace\JAVA_LEARN\hmMavenRepo\respository_new\com\netflix\ribbon\ribbon-core\2.3.0\ribbon-core-2.3.0.jar;C:\workspace\JAVA_LEARN\hmMavenRepo\respository_new\com\netflix\ribbon\ribbon-httpclient\2.3.0\ribbon-httpclient-2.3.0.jar;C:\workspace\JAVA_LEARN\hmMavenRepo\respository_new\com\sun\jersey\jersey-client\1.19.1\jersey-client-1.19.1.jar;C:\workspace\JAVA_LEARN\hmMavenRepo\respository_new\com\sun\jersey\jersey-core\1.19.1\jersey-core-1.19.1.jar;C:\workspace\JAVA_LEARN\hmMavenRepo\respository_new\javax\ws\rs\jsr311-api\1.1.1\jsr311-api-1.1.1.jar;C:\workspace\JAVA_LEARN\hmMavenRepo\respository_new\com\sun\jersey\contribs\jersey-apache-client4\1.19.1\jersey-apache-client4-1.19.1.jar;C:\workspace\JAVA_LEARN\hmMavenRepo\respository_new\com\netflix\servo\servo-core\0.12.21\servo-core-0.12.21.jar;C:\workspace\JAVA_LEARN\hmMavenRepo\respository_new\com\netflix\netflix-commons\netflix-commons-util\0.3.0\netflix-commons-util-0.3.0.jar;C:\workspace\JAVA_LEARN\hmMavenRepo\respository_new\com\netflix\ribbon\ribbon-loadbalancer\2.3.0\ribbon-loadbalancer-2.3.0.jar;C:\workspace\JAVA_LEARN\hmMavenRepo\respository_new\com\netflix\netflix-commons\netflix-statistics\0.1.1\netflix-statistics-0.1.1.jar;C:\workspace\JAVA_LEARN\hmMavenRepo\respository_new\io\reactivex\rxjava\1.3.8\rxjava-1.3.8.jar;C:\workspace\JAVA_LEARN\hmMavenRepo\respository_new\org\springframework\boot\spring-boot-starter-log4j2\2.3.9.RELEASE\spring-boot-starter-log4j2-2.3.9.RELEASE.jar;C:\workspace\JAVA_LEARN\hmMavenRepo\respository_new\org\apache\logging\log4j\log4j-slf4j-impl\2.13.3\log4j-slf4j-impl-2.13.3.jar;C:\workspace\JAVA_LEARN\hmMavenRepo\respository_new\org\apache\logging\log4j\log4j-core\2.13.3\log4j-core-2.13.3.jar;C:\workspace\JAVA_LEARN\hmMavenRepo\respository_new\org\apache\logging\log4j\log4j-jul\2.13.3\log4j-jul-2.13.3.jar;C:\workspace\JAVA_LEARN\hmMavenRepo\respository_new\org\slf4j\jul-to-slf4j\1.7.30\jul-to-slf4j-1.7.30.jar;C:\workspace\JAVA_LEARN\hmMavenRepo\respository_new\org\projectlombok\lombok\1.18.8\lombok-1.18.8.jar;"/>
    <property name="sun.cpu.endian" value="little"/>
    <property name="user.home" value="C:\Users\yaozy"/>
    <property name="user.language" value="zh"/>
    <property name="java.specification.vendor" value="Oracle Corporation"/>
    <property name="java.home" value="C:\Program Files\Java\jdk-1.8\jre"/>
    <property name="basedir" value="C:\workspace\IDEA_workspace\heima-leadnews\heima-leadnews-service\heima-leadnews-search"/>
    <property name="file.separator" value="\"/>
    <property name="line.separator" value="&#10;"/>
    <property name="java.vm.specification.vendor" value="Oracle Corporation"/>
    <property name="java.specification.name" value="Java Platform API Specification"/>
    <property name="java.awt.graphicsenv" value="sun.awt.Win32GraphicsEnvironment"/>
    <property name="surefire.real.class.path" value="C:\Users\yaozy\AppData\Local\Temp\surefire2916531748360575302\surefirebooter4175116448841405832.jar"/>
    <property name="sun.boot.class.path" value="C:\Program Files\Java\jdk-1.8\jre\lib\resources.jar;C:\Program Files\Java\jdk-1.8\jre\lib\rt.jar;C:\Program Files\Java\jdk-1.8\jre\lib\jsse.jar;C:\Program Files\Java\jdk-1.8\jre\lib\jce.jar;C:\Program Files\Java\jdk-1.8\jre\lib\charsets.jar;C:\Program Files\Java\jdk-1.8\jre\lib\jfr.jar;C:\Program Files\Java\jdk-1.8\jre\classes"/>
    <property name="user.script" value=""/>
    <property name="sun.management.compiler" value="HotSpot 64-Bit Tiered Compilers"/>
    <property name="java.runtime.version" value="1.8.0_371-b11"/>
    <property name="user.name" value="yaozy"/>
    <property name="path.separator" value=";"/>
    <property name="os.version" value="10.0"/>
    <property name="java.endorsed.dirs" value="C:\Program Files\Java\jdk-1.8\jre\lib\endorsed"/>
    <property name="java.runtime.name" value="Java(TM) SE Runtime Environment"/>
    <property name="file.encoding" value="GBK"/>
    <property name="java.vm.name" value="Java HotSpot(TM) 64-Bit Server VM"/>
    <property name="localRepository" value="C:\workspace\JAVA_LEARN\hmMavenRepo\respository_new"/>
    <property name="java.vendor.url.bug" value="http://bugreport.sun.com/bugreport/"/>
    <property name="java.io.tmpdir" value="C:\Users\yaozy\AppData\Local\Temp\"/>
    <property name="idea.version" value="2023.1.3"/>
    <property name="java.version" value="1.8.0_371"/>
    <property name="user.dir" value="C:\workspace\IDEA_workspace\heima-leadnews\heima-leadnews-service\heima-leadnews-search"/>
    <property name="os.arch" value="amd64"/>
    <property name="java.vm.specification.name" value="Java Virtual Machine Specification"/>
    <property name="java.awt.printerjob" value="sun.awt.windows.WPrinterJob"/>
    <property name="sun.os.patch.level" value=""/>
    <property name="java.library.path" value="C:\Program Files\Java\jdk-1.8\jre\bin;C:\Windows\Sun\Java\bin;C:\Windows\system32;C:\Windows;C:\software\anacnonda\condabin;C:\software\VMwareWorkstation17\bin\;C:\Program Files (x86)\Razer Chroma SDK\bin;C:\Program Files\Razer Chroma SDK\bin;C:\Program Files (x86)\Common Files\Oracle\Java\javapath;C:\Program Files (x86)\Razer\ChromaBroadcast\bin;C:\Program Files\Razer\ChromaBroadcast\bin;C:\Program Files\Java\jdk-1.8\bin;C:\software\maven3.9.3\apache-maven-3.9.3\bin;C:\Windows\system32;C:\Windows;C:\Windows\System32\Wbem;C:\Windows\System32\WindowsPowerShell\v1.0\;C:\Windows\System32\OpenSSH\;C:\Program Files\NVIDIA Corporation\NVIDIA NvDLISR;C:\Program Files (x86)\NVIDIA Corporation\PhysX\Common;C:\Windows\system32\config\systemprofile\AppData\Local\Microsoft\WindowsApps;C:\software\anacnonda;C:\software\anacnonda\Scripts;C:\software\anacnonda\Library\bin;C:\software\anacnonda\Library\mingw-w64\bin;C:\Program Files\MySQL\MySQL Server 5.7\bin;C:\software\xshell\;C:\Program Files\Git\cmd;C:\software\mingw\mingw64\bin;C:\software\nodejs\;C:\software\nodejs\node_global;C:\Users\yaozy\AppData\Local\Microsoft\WindowsApps;;C:\Program Files\JetBrains\IntelliJ IDEA 2023.1.3\bin;;C:\software\vscode\Microsoft VS Code\bin;C:\Users\yaozy\AppData\Roaming\npm;."/>
    <property name="java.vm.info" value="mixed mode"/>
    <property name="java.vendor" value="Oracle Corporation"/>
    <property name="java.vm.version" value="25.371-b11"/>
    <property name="java.specification.maintenance.version" value="4"/>
    <property name="java.ext.dirs" value="C:\Program Files\Java\jdk-1.8\jre\lib\ext;C:\Windows\Sun\Java\lib\ext"/>
    <property name="sun.io.unicode.encoding" value="UnicodeLittle"/>
    <property name="maven.repo.local" value="C:\workspace\JAVA_LEARN\hmMavenRepo\respository_new"/>
    <property name="java.class.version" value="52.0"/>
  </properties>
  <testcase name="importAllTest" classname="com.heima.search.test.ArticleESTest" time="0.005">
    <error message="Failed to load ApplicationContext" type="java.lang.IllegalStateException">java.lang.IllegalStateException: Failed to load ApplicationContext
Caused by: org.springframework.beans.factory.UnsatisfiedDependencyException: Error creating bean with name 'articleSearchController': Unsatisfied dependency expressed through field 'articleSearchService'; nested exception is org.springframework.beans.factory.UnsatisfiedDependencyException: Error creating bean with name 'articleSearchServiceImpl': Unsatisfied dependency expressed through field 'restHighLevelClient'; nested exception is org.springframework.beans.factory.BeanCreationException: Error creating bean with name 'client' defined in class path resource [com/heima/search/config/ElasticSearchConfig.class]: Bean instantiation via factory method failed; nested exception is org.springframework.beans.BeanInstantiationException: Failed to instantiate [org.elasticsearch.client.RestHighLevelClient]: Factory method 'client' threw exception; nested exception is java.lang.IllegalArgumentException: Host name may not be null
Caused by: org.springframework.beans.factory.UnsatisfiedDependencyException: Error creating bean with name 'articleSearchServiceImpl': Unsatisfied dependency expressed through field 'restHighLevelClient'; nested exception is org.springframework.beans.factory.BeanCreationException: Error creating bean with name 'client' defined in class path resource [com/heima/search/config/ElasticSearchConfig.class]: Bean instantiation via factory method failed; nested exception is org.springframework.beans.BeanInstantiationException: Failed to instantiate [org.elasticsearch.client.RestHighLevelClient]: Factory method 'client' threw exception; nested exception is java.lang.IllegalArgumentException: Host name may not be null
Caused by: org.springframework.beans.factory.BeanCreationException: Error creating bean with name 'client' defined in class path resource [com/heima/search/config/ElasticSearchConfig.class]: Bean instantiation via factory method failed; nested exception is org.springframework.beans.BeanInstantiationException: Failed to instantiate [org.elasticsearch.client.RestHighLevelClient]: Factory method 'client' threw exception; nested exception is java.lang.IllegalArgumentException: Host name may not be null
Caused by: org.springframework.beans.BeanInstantiationException: Failed to instantiate [org.elasticsearch.client.RestHighLevelClient]: Factory method 'client' threw exception; nested exception is java.lang.IllegalArgumentException: Host name may not be null
Caused by: java.lang.IllegalArgumentException: Host name may not be null
</error>
    <system-out><![CDATA[21:42:33.045 [main] DEBUG org.springframework.test.context.junit4.SpringJUnit4ClassRunner - SpringJUnit4ClassRunner constructor called with [class com.heima.search.test.ArticleESTest]
21:42:33.047 [main] DEBUG org.springframework.test.context.BootstrapUtils - Instantiating CacheAwareContextLoaderDelegate from class [org.springframework.test.context.cache.DefaultCacheAwareContextLoaderDelegate]
21:42:33.052 [main] DEBUG org.springframework.test.context.BootstrapUtils - Instantiating BootstrapContext using constructor [public org.springframework.test.context.support.DefaultBootstrapContext(java.lang.Class,org.springframework.test.context.CacheAwareContextLoaderDelegate)]
21:42:33.069 [main] DEBUG org.springframework.test.context.BootstrapUtils - Instantiating TestContextBootstrapper for test class [com.heima.search.test.ArticleESTest] from class [org.springframework.boot.test.context.SpringBootTestContextBootstrapper]
21:42:33.079 [main] INFO org.springframework.boot.test.context.SpringBootTestContextBootstrapper - Neither @ContextConfiguration nor @ContextHierarchy found for test class [com.heima.search.test.ArticleESTest], using SpringBootContextLoader
21:42:33.081 [main] DEBUG org.springframework.test.context.support.AbstractContextLoader - Did not detect default resource location for test class [com.heima.search.test.ArticleESTest]: class path resource [com/heima/search/test/ArticleESTest-context.xml] does not exist
21:42:33.082 [main] DEBUG org.springframework.test.context.support.AbstractContextLoader - Did not detect default resource location for test class [com.heima.search.test.ArticleESTest]: class path resource [com/heima/search/test/ArticleESTestContext.groovy] does not exist
21:42:33.082 [main] INFO org.springframework.test.context.support.AbstractContextLoader - Could not detect default resource locations for test class [com.heima.search.test.ArticleESTest]: no resource found for suffixes {-context.xml, Context.groovy}.
21:42:33.106 [main] DEBUG org.springframework.test.context.support.ActiveProfilesUtils - Could not find an 'annotation declaring class' for annotation type [org.springframework.test.context.ActiveProfiles] and class [com.heima.search.test.ArticleESTest]
21:42:33.183 [main] DEBUG org.springframework.boot.test.context.SpringBootTestContextBootstrapper - @TestExecutionListeners is not present for class [com.heima.search.test.ArticleESTest]: using defaults.
21:42:33.183 [main] INFO org.springframework.boot.test.context.SpringBootTestContextBootstrapper - Loaded default TestExecutionListener class names from location [META-INF/spring.factories]: [org.springframework.boot.test.mock.mockito.MockitoTestExecutionListener, org.springframework.boot.test.mock.mockito.ResetMocksTestExecutionListener, org.springframework.boot.test.autoconfigure.restdocs.RestDocsTestExecutionListener, org.springframework.boot.test.autoconfigure.web.client.MockRestServiceServerResetTestExecutionListener, org.springframework.boot.test.autoconfigure.web.servlet.MockMvcPrintOnlyOnFailureTestExecutionListener, org.springframework.boot.test.autoconfigure.web.servlet.WebDriverTestExecutionListener, org.springframework.boot.test.autoconfigure.webservices.client.MockWebServiceServerTestExecutionListener, org.springframework.test.context.web.ServletTestExecutionListener, org.springframework.test.context.support.DirtiesContextBeforeModesTestExecutionListener, org.springframework.test.context.support.DependencyInjectionTestExecutionListener, org.springframework.test.context.support.DirtiesContextTestExecutionListener, org.springframework.test.context.transaction.TransactionalTestExecutionListener, org.springframework.test.context.jdbc.SqlScriptsTestExecutionListener, org.springframework.test.context.event.EventPublishingTestExecutionListener]
21:42:33.197 [main] INFO org.springframework.boot.test.context.SpringBootTestContextBootstrapper - Using TestExecutionListeners: [org.springframework.test.context.web.ServletTestExecutionListener@4bdeaabb, org.springframework.test.context.support.DirtiesContextBeforeModesTestExecutionListener@6c4906d3, org.springframework.boot.test.mock.mockito.MockitoTestExecutionListener@65987993, org.springframework.boot.test.autoconfigure.SpringBootDependencyInjectionTestExecutionListener@71075444, org.springframework.test.context.support.DirtiesContextTestExecutionListener@4f32a3ad, org.springframework.test.context.transaction.TransactionalTestExecutionListener@6b695b06, org.springframework.test.context.jdbc.SqlScriptsTestExecutionListener@4d1bf319, org.springframework.test.context.event.EventPublishingTestExecutionListener@6f53b8a, org.springframework.boot.test.mock.mockito.ResetMocksTestExecutionListener@5c80cf32, org.springframework.boot.test.autoconfigure.restdocs.RestDocsTestExecutionListener@7d900ecf, org.springframework.boot.test.autoconfigure.web.client.MockRestServiceServerResetTestExecutionListener@6f01b95f, org.springframework.boot.test.autoconfigure.web.servlet.MockMvcPrintOnlyOnFailureTestExecutionListener@4007f65e, org.springframework.boot.test.autoconfigure.web.servlet.WebDriverTestExecutionListener@1a245833, org.springframework.boot.test.autoconfigure.webservices.client.MockWebServiceServerTestExecutionListener@673fdbce]
21:42:33.200 [main] DEBUG org.springframework.test.annotation.ProfileValueUtils - Retrieved @ProfileValueSourceConfiguration [null] for test class [com.heima.search.test.ArticleESTest]
21:42:33.201 [main] DEBUG org.springframework.test.annotation.ProfileValueUtils - Retrieved ProfileValueSource type [class org.springframework.test.annotation.SystemProfileValueSource] for class [com.heima.search.test.ArticleESTest]
21:42:33.213 [main] DEBUG org.springframework.test.context.junit4.SpringJUnit4ClassRunner - SpringJUnit4ClassRunner constructor called with [class com.heima.search.test.ArticleESTest]
21:42:33.213 [main] DEBUG org.springframework.test.context.BootstrapUtils - Instantiating CacheAwareContextLoaderDelegate from class [org.springframework.test.context.cache.DefaultCacheAwareContextLoaderDelegate]
21:42:33.214 [main] DEBUG org.springframework.test.context.BootstrapUtils - Instantiating BootstrapContext using constructor [public org.springframework.test.context.support.DefaultBootstrapContext(java.lang.Class,org.springframework.test.context.CacheAwareContextLoaderDelegate)]
21:42:33.214 [main] DEBUG org.springframework.test.context.BootstrapUtils - Instantiating TestContextBootstrapper for test class [com.heima.search.test.ArticleESTest] from class [org.springframework.boot.test.context.SpringBootTestContextBootstrapper]
21:42:33.214 [main] INFO org.springframework.boot.test.context.SpringBootTestContextBootstrapper - Neither @ContextConfiguration nor @ContextHierarchy found for test class [com.heima.search.test.ArticleESTest], using SpringBootContextLoader
21:42:33.214 [main] DEBUG org.springframework.test.context.support.AbstractContextLoader - Did not detect default resource location for test class [com.heima.search.test.ArticleESTest]: class path resource [com/heima/search/test/ArticleESTest-context.xml] does not exist
21:42:33.215 [main] DEBUG org.springframework.test.context.support.AbstractContextLoader - Did not detect default resource location for test class [com.heima.search.test.ArticleESTest]: class path resource [com/heima/search/test/ArticleESTestContext.groovy] does not exist
21:42:33.215 [main] INFO org.springframework.test.context.support.AbstractContextLoader - Could not detect default resource locations for test class [com.heima.search.test.ArticleESTest]: no resource found for suffixes {-context.xml, Context.groovy}.
21:42:33.216 [main] DEBUG org.springframework.test.context.support.ActiveProfilesUtils - Could not find an 'annotation declaring class' for annotation type [org.springframework.test.context.ActiveProfiles] and class [com.heima.search.test.ArticleESTest]
21:42:33.217 [main] DEBUG org.springframework.boot.test.context.SpringBootTestContextBootstrapper - @TestExecutionListeners is not present for class [com.heima.search.test.ArticleESTest]: using defaults.
21:42:33.217 [main] INFO org.springframework.boot.test.context.SpringBootTestContextBootstrapper - Loaded default TestExecutionListener class names from location [META-INF/spring.factories]: [org.springframework.boot.test.mock.mockito.MockitoTestExecutionListener, org.springframework.boot.test.mock.mockito.ResetMocksTestExecutionListener, org.springframework.boot.test.autoconfigure.restdocs.RestDocsTestExecutionListener, org.springframework.boot.test.autoconfigure.web.client.MockRestServiceServerResetTestExecutionListener, org.springframework.boot.test.autoconfigure.web.servlet.MockMvcPrintOnlyOnFailureTestExecutionListener, org.springframework.boot.test.autoconfigure.web.servlet.WebDriverTestExecutionListener, org.springframework.boot.test.autoconfigure.webservices.client.MockWebServiceServerTestExecutionListener, org.springframework.test.context.web.ServletTestExecutionListener, org.springframework.test.context.support.DirtiesContextBeforeModesTestExecutionListener, org.springframework.test.context.support.DependencyInjectionTestExecutionListener, org.springframework.test.context.support.DirtiesContextTestExecutionListener, org.springframework.test.context.transaction.TransactionalTestExecutionListener, org.springframework.test.context.jdbc.SqlScriptsTestExecutionListener, org.springframework.test.context.event.EventPublishingTestExecutionListener]
21:42:33.217 [main] INFO org.springframework.boot.test.context.SpringBootTestContextBootstrapper - Using TestExecutionListeners: [org.springframework.test.context.web.ServletTestExecutionListener@465232e9, org.springframework.test.context.support.DirtiesContextBeforeModesTestExecutionListener@798162bc, org.springframework.boot.test.mock.mockito.MockitoTestExecutionListener@1df8da7a, org.springframework.boot.test.autoconfigure.SpringBootDependencyInjectionTestExecutionListener@23941fb4, org.springframework.test.context.support.DirtiesContextTestExecutionListener@7486b455, org.springframework.test.context.transaction.TransactionalTestExecutionListener@660acfb, org.springframework.test.context.jdbc.SqlScriptsTestExecutionListener@5d908d47, org.springframework.test.context.event.EventPublishingTestExecutionListener@5efa40fe, org.springframework.boot.test.mock.mockito.ResetMocksTestExecutionListener@1f9f6368, org.springframework.boot.test.autoconfigure.restdocs.RestDocsTestExecutionListener@1c9b0314, org.springframework.boot.test.autoconfigure.web.client.MockRestServiceServerResetTestExecutionListener@45385f75, org.springframework.boot.test.autoconfigure.web.servlet.MockMvcPrintOnlyOnFailureTestExecutionListener@49c90a9c, org.springframework.boot.test.autoconfigure.web.servlet.WebDriverTestExecutionListener@2d29b4ee, org.springframework.boot.test.autoconfigure.webservices.client.MockWebServiceServerTestExecutionListener@69ee81fc]
21:42:33.217 [main] DEBUG org.springframework.test.annotation.ProfileValueUtils - Retrieved @ProfileValueSourceConfiguration [null] for test class [com.heima.search.test.ArticleESTest]
21:42:33.217 [main] DEBUG org.springframework.test.annotation.ProfileValueUtils - Retrieved ProfileValueSource type [class org.springframework.test.annotation.SystemProfileValueSource] for class [com.heima.search.test.ArticleESTest]
21:42:33.244 [main] DEBUG org.springframework.test.annotation.ProfileValueUtils - Retrieved @ProfileValueSourceConfiguration [null] for test class [com.heima.search.test.ArticleESTest]
21:42:33.244 [main] DEBUG org.springframework.test.annotation.ProfileValueUtils - Retrieved ProfileValueSource type [class org.springframework.test.annotation.SystemProfileValueSource] for class [com.heima.search.test.ArticleESTest]
21:42:33.246 [main] DEBUG org.springframework.test.annotation.ProfileValueUtils - Retrieved @ProfileValueSourceConfiguration [null] for test class [com.heima.search.test.ArticleESTest]
21:42:33.246 [main] DEBUG org.springframework.test.annotation.ProfileValueUtils - Retrieved ProfileValueSource type [class org.springframework.test.annotation.SystemProfileValueSource] for class [com.heima.search.test.ArticleESTest]
21:42:33.246 [main] DEBUG org.springframework.test.annotation.ProfileValueUtils - Retrieved @ProfileValueSourceConfiguration [null] for test class [com.heima.search.test.ArticleESTest]
21:42:33.246 [main] DEBUG org.springframework.test.annotation.ProfileValueUtils - Retrieved ProfileValueSource type [class org.springframework.test.annotation.SystemProfileValueSource] for class [com.heima.search.test.ArticleESTest]
21:42:33.249 [main] DEBUG org.springframework.test.context.support.AbstractDirtiesContextTestExecutionListener - Before test class: context [DefaultTestContext@4ef782af testClass = ArticleESTest, testInstance = [null], testMethod = [null], testException = [null], mergedContextConfiguration = [WebMergedContextConfiguration@11d8ae8b testClass = ArticleESTest, locations = '{}', classes = '{class com.heima.search.SearchApplication}', contextInitializerClasses = '[]', activeProfiles = '{}', propertySourceLocations = '{}', propertySourceProperties = '{org.springframework.boot.test.context.SpringBootTestContextBootstrapper=true}', contextCustomizers = set[org.springframework.boot.test.context.filter.ExcludeFilterContextCustomizer@131774fe, org.springframework.boot.test.json.DuplicateJsonObjectContextCustomizerFactory$DuplicateJsonObjectContextCustomizer@7f3b84b8, org.springframework.boot.test.mock.mockito.MockitoContextCustomizer@0, org.springframework.boot.test.web.client.TestRestTemplateContextCustomizer@3c19aaa5, org.springframework.boot.test.autoconfigure.properties.PropertyMappingContextCustomizer@0, org.springframework.boot.test.autoconfigure.web.servlet.WebDriverContextCustomizerFactory$Customizer@a1153bc, org.springframework.boot.test.context.SpringBootTestArgs@1, org.springframework.boot.test.context.SpringBootTestWebEnvironment@e056f20], resourceBasePath = 'src/main/webapp', contextLoader = 'org.springframework.boot.test.context.SpringBootContextLoader', parent = [null]], attributes = map['org.springframework.test.context.web.ServletTestExecutionListener.activateListener' -> true]], class annotated with @DirtiesContext [false] with mode [null].
21:42:33.250 [main] DEBUG org.springframework.test.annotation.ProfileValueUtils - Retrieved @ProfileValueSourceConfiguration [null] for test class [com.heima.search.test.ArticleESTest]
21:42:33.250 [main] DEBUG org.springframework.test.annotation.ProfileValueUtils - Retrieved ProfileValueSource type [class org.springframework.test.annotation.SystemProfileValueSource] for class [com.heima.search.test.ArticleESTest]
21:42:33.263 [main] DEBUG org.springframework.test.context.support.TestPropertySourceUtils - Adding inlined properties to environment: {spring.jmx.enabled=false, org.springframework.boot.test.context.SpringBootTestContextBootstrapper=true}

  .   ____          _            __ _ _
 /\\ / ___'_ __ _ _(_)_ __  __ _ \ \ \ \
( ( )\___ | '_ | '_| | '_ \/ _` | \ \ \ \
 \\/  ___)| |_)| | | | | || (_| |  ) ) ) )
  '  |____| .__|_| |_|_| |_\__, | / / / /
 =========|_|==============|___/=/_/_/_/
 :: Spring Boot ::        (v2.3.9.RELEASE)

2024-03-26 21:42:34.225  INFO 5336 --- [           main] com.heima.search.test.ArticleESTest      : No active profile set, falling back to default profiles: default
2024-03-26 21:42:34.786  INFO 5336 --- [           main] .s.d.r.c.RepositoryConfigurationDelegate : Multiple Spring Data modules found, entering strict repository configuration mode!
2024-03-26 21:42:34.787  INFO 5336 --- [           main] .s.d.r.c.RepositoryConfigurationDelegate : Bootstrapping Spring Data MongoDB repositories in DEFAULT mode.
2024-03-26 21:42:34.795  INFO 5336 --- [           main] .s.d.r.c.RepositoryConfigurationDelegate : Finished Spring Data repository scanning in 5ms. Found 0 MongoDB repository interfaces.
2024-03-26 21:42:34.800  INFO 5336 --- [           main] .s.d.r.c.RepositoryConfigurationDelegate : Multiple Spring Data modules found, entering strict repository configuration mode!
2024-03-26 21:42:34.801  INFO 5336 --- [           main] .s.d.r.c.RepositoryConfigurationDelegate : Bootstrapping Spring Data Redis repositories in DEFAULT mode.
2024-03-26 21:42:34.808  INFO 5336 --- [           main] .s.d.r.c.RepositoryConfigurationDelegate : Finished Spring Data repository scanning in 2ms. Found 0 Redis repository interfaces.
2024-03-26 21:42:34.848  WARN 5336 --- [           main] o.s.boot.actuate.endpoint.EndpointId     : Endpoint ID 'service-registry' contains invalid characters, please migrate to a valid format.
2024-03-26 21:42:34.893  WARN 5336 --- [           main] o.m.s.mapper.ClassPathMapperScanner      : No MyBatis mapper was found in '[com.heima.search]' package. Please check your configuration.
2024-03-26 21:42:34.958  INFO 5336 --- [           main] o.s.cloud.context.scope.GenericScope     : BeanFactory id=d639fbd5-2050-3841-bb66-684fe1f6fcec
null
0
2024-03-26 21:42:35.210  WARN 5336 --- [           main] o.s.w.c.s.GenericWebApplicationContext   : Exception encountered during context initialization - cancelling refresh attempt: org.springframework.beans.factory.UnsatisfiedDependencyException: Error creating bean with name 'articleSearchController': Unsatisfied dependency expressed through field 'articleSearchService'; nested exception is org.springframework.beans.factory.UnsatisfiedDependencyException: Error creating bean with name 'articleSearchServiceImpl': Unsatisfied dependency expressed through field 'restHighLevelClient'; nested exception is org.springframework.beans.factory.BeanCreationException: Error creating bean with name 'client' defined in class path resource [com/heima/search/config/ElasticSearchConfig.class]: Bean instantiation via factory method failed; nested exception is org.springframework.beans.BeanInstantiationException: Failed to instantiate [org.elasticsearch.client.RestHighLevelClient]: Factory method 'client' threw exception; nested exception is java.lang.IllegalArgumentException: Host name may not be null
2024-03-26 21:42:35.215  INFO 5336 --- [           main] ConditionEvaluationReportLoggingListener : 

Error starting ApplicationContext. To display the conditions report re-run your application with 'debug' enabled.
2024-03-26 21:42:35.220 ERROR 5336 --- [           main] o.s.boot.SpringApplication               : Application run failed

org.springframework.beans.factory.UnsatisfiedDependencyException: Error creating bean with name 'articleSearchController': Unsatisfied dependency expressed through field 'articleSearchService'; nested exception is org.springframework.beans.factory.UnsatisfiedDependencyException: Error creating bean with name 'articleSearchServiceImpl': Unsatisfied dependency expressed through field 'restHighLevelClient'; nested exception is org.springframework.beans.factory.BeanCreationException: Error creating bean with name 'client' defined in class path resource [com/heima/search/config/ElasticSearchConfig.class]: Bean instantiation via factory method failed; nested exception is org.springframework.beans.BeanInstantiationException: Failed to instantiate [org.elasticsearch.client.RestHighLevelClient]: Factory method 'client' threw exception; nested exception is java.lang.IllegalArgumentException: Host name may not be null
	at org.springframework.beans.factory.annotation.AutowiredAnnotationBeanPostProcessor$AutowiredFieldElement.resolveFieldValue(AutowiredAnnotationBeanPostProcessor.java:660) ~[spring-beans-5.2.13.RELEASE.jar:5.2.13.RELEASE]
	at org.springframework.beans.factory.annotation.AutowiredAnnotationBeanPostProcessor$AutowiredFieldElement.inject(AutowiredAnnotationBeanPostProcessor.java:640) ~[spring-beans-5.2.13.RELEASE.jar:5.2.13.RELEASE]
	at org.springframework.beans.factory.annotation.InjectionMetadata.inject(InjectionMetadata.java:119) ~[spring-beans-5.2.13.RELEASE.jar:5.2.13.RELEASE]
	at org.springframework.beans.factory.annotation.AutowiredAnnotationBeanPostProcessor.postProcessProperties(AutowiredAnnotationBeanPostProcessor.java:399) ~[spring-beans-5.2.13.RELEASE.jar:5.2.13.RELEASE]
	at org.springframework.beans.factory.support.AbstractAutowireCapableBeanFactory.populateBean(AbstractAutowireCapableBeanFactory.java:1425) ~[spring-beans-5.2.13.RELEASE.jar:5.2.13.RELEASE]
	at org.springframework.beans.factory.support.AbstractAutowireCapableBeanFactory.doCreateBean(AbstractAutowireCapableBeanFactory.java:593) ~[spring-beans-5.2.13.RELEASE.jar:5.2.13.RELEASE]
	at org.springframework.beans.factory.support.AbstractAutowireCapableBeanFactory.createBean(AbstractAutowireCapableBeanFactory.java:516) ~[spring-beans-5.2.13.RELEASE.jar:5.2.13.RELEASE]
	at org.springframework.beans.factory.support.AbstractBeanFactory.lambda$doGetBean$0(AbstractBeanFactory.java:324) ~[spring-beans-5.2.13.RELEASE.jar:5.2.13.RELEASE]
	at org.springframework.beans.factory.support.DefaultSingletonBeanRegistry.getSingleton(DefaultSingletonBeanRegistry.java:234) ~[spring-beans-5.2.13.RELEASE.jar:5.2.13.RELEASE]
	at org.springframework.beans.factory.support.AbstractBeanFactory.doGetBean(AbstractBeanFactory.java:322) ~[spring-beans-5.2.13.RELEASE.jar:5.2.13.RELEASE]
	at org.springframework.beans.factory.support.AbstractBeanFactory.getBean(AbstractBeanFactory.java:202) ~[spring-beans-5.2.13.RELEASE.jar:5.2.13.RELEASE]
	at org.springframework.beans.factory.support.DefaultListableBeanFactory.preInstantiateSingletons(DefaultListableBeanFactory.java:897) ~[spring-beans-5.2.13.RELEASE.jar:5.2.13.RELEASE]
	at org.springframework.context.support.AbstractApplicationContext.finishBeanFactoryInitialization(AbstractApplicationContext.java:879) ~[spring-context-5.2.13.RELEASE.jar:5.2.13.RELEASE]
	at org.springframework.context.support.AbstractApplicationContext.refresh(AbstractApplicationContext.java:551) ~[spring-context-5.2.13.RELEASE.jar:5.2.13.RELEASE]
	at org.springframework.boot.SpringApplication.refresh(SpringApplication.java:758) ~[spring-boot-2.3.9.RELEASE.jar:2.3.9.RELEASE]
	at org.springframework.boot.SpringApplication.refresh(SpringApplication.java:750) ~[spring-boot-2.3.9.RELEASE.jar:2.3.9.RELEASE]
	at org.springframework.boot.SpringApplication.refreshContext(SpringApplication.java:405) ~[spring-boot-2.3.9.RELEASE.jar:2.3.9.RELEASE]
	at org.springframework.boot.SpringApplication.run(SpringApplication.java:315) ~[spring-boot-2.3.9.RELEASE.jar:2.3.9.RELEASE]
	at org.springframework.boot.test.context.SpringBootContextLoader.loadContext(SpringBootContextLoader.java:120) [spring-boot-test-2.3.9.RELEASE.jar:2.3.9.RELEASE]
	at org.springframework.test.context.cache.DefaultCacheAwareContextLoaderDelegate.loadContextInternal(DefaultCacheAwareContextLoaderDelegate.java:99) [spring-test-5.2.13.RELEASE.jar:5.2.13.RELEASE]
	at org.springframework.test.context.cache.DefaultCacheAwareContextLoaderDelegate.loadContext(DefaultCacheAwareContextLoaderDelegate.java:124) [spring-test-5.2.13.RELEASE.jar:5.2.13.RELEASE]
	at org.springframework.test.context.support.DefaultTestContext.getApplicationContext(DefaultTestContext.java:123) [spring-test-5.2.13.RELEASE.jar:5.2.13.RELEASE]
	at org.springframework.test.context.web.ServletTestExecutionListener.setUpRequestContextIfNecessary(ServletTestExecutionListener.java:190) [spring-test-5.2.13.RELEASE.jar:5.2.13.RELEASE]
	at org.springframework.test.context.web.ServletTestExecutionListener.prepareTestInstance(ServletTestExecutionListener.java:132) [spring-test-5.2.13.RELEASE.jar:5.2.13.RELEASE]
	at org.springframework.test.context.TestContextManager.prepareTestInstance(TestContextManager.java:244) [spring-test-5.2.13.RELEASE.jar:5.2.13.RELEASE]
	at org.springframework.test.context.junit4.SpringJUnit4ClassRunner.createTest(SpringJUnit4ClassRunner.java:227) [spring-test-5.2.13.RELEASE.jar:5.2.13.RELEASE]
	at org.springframework.test.context.junit4.SpringJUnit4ClassRunner$1.runReflectiveCall(SpringJUnit4ClassRunner.java:289) [spring-test-5.2.13.RELEASE.jar:5.2.13.RELEASE]
	at org.junit.internal.runners.model.ReflectiveCallable.run(ReflectiveCallable.java:12) [junit-4.12.jar:4.12]
	at org.springframework.test.context.junit4.SpringJUnit4ClassRunner.methodBlock(SpringJUnit4ClassRunner.java:291) [spring-test-5.2.13.RELEASE.jar:5.2.13.RELEASE]
	at org.springframework.test.context.junit4.SpringJUnit4ClassRunner.runChild(SpringJUnit4ClassRunner.java:246) [spring-test-5.2.13.RELEASE.jar:5.2.13.RELEASE]
	at org.springframework.test.context.junit4.SpringJUnit4ClassRunner.runChild(SpringJUnit4ClassRunner.java:97) [spring-test-5.2.13.RELEASE.jar:5.2.13.RELEASE]
	at org.junit.runners.ParentRunner$3.run(ParentRunner.java:290) [junit-4.12.jar:4.12]
	at org.junit.runners.ParentRunner$1.schedule(ParentRunner.java:71) [junit-4.12.jar:4.12]
	at org.junit.runners.ParentRunner.runChildren(ParentRunner.java:288) [junit-4.12.jar:4.12]
	at org.junit.runners.ParentRunner.access$000(ParentRunner.java:58) [junit-4.12.jar:4.12]
	at org.junit.runners.ParentRunner$2.evaluate(ParentRunner.java:268) [junit-4.12.jar:4.12]
	at org.springframework.test.context.junit4.statements.RunBeforeTestClassCallbacks.evaluate(RunBeforeTestClassCallbacks.java:61) [spring-test-5.2.13.RELEASE.jar:5.2.13.RELEASE]
	at org.springframework.test.context.junit4.statements.RunAfterTestClassCallbacks.evaluate(RunAfterTestClassCallbacks.java:70) [spring-test-5.2.13.RELEASE.jar:5.2.13.RELEASE]
	at org.junit.runners.ParentRunner.run(ParentRunner.java:363) [junit-4.12.jar:4.12]
	at org.springframework.test.context.junit4.SpringJUnit4ClassRunner.run(SpringJUnit4ClassRunner.java:190) [spring-test-5.2.13.RELEASE.jar:5.2.13.RELEASE]
	at org.junit.runner.JUnitCore.run(JUnitCore.java:137) [junit-4.12.jar:4.12]
	at org.junit.runner.JUnitCore.run(JUnitCore.java:115) [junit-4.12.jar:4.12]
	at org.junit.vintage.engine.execution.RunnerExecutor.execute(RunnerExecutor.java:43) [junit-vintage-engine-5.6.3.jar:5.6.3]
	at java.util.stream.ForEachOps$ForEachOp$OfRef.accept(ForEachOps.java:184) ~[na:1.8.0_371]
	at java.util.stream.ReferencePipeline$3$1.accept(ReferencePipeline.java:193) ~[na:1.8.0_371]
	at java.util.Iterator.forEachRemaining(Iterator.java:116) ~[na:1.8.0_371]
	at java.util.Spliterators$IteratorSpliterator.forEachRemaining(Spliterators.java:1801) ~[na:1.8.0_371]
	at java.util.stream.AbstractPipeline.copyInto(AbstractPipeline.java:482) ~[na:1.8.0_371]
	at java.util.stream.AbstractPipeline.wrapAndCopyInto(AbstractPipeline.java:472) ~[na:1.8.0_371]
	at java.util.stream.ForEachOps$ForEachOp.evaluateSequential(ForEachOps.java:151) ~[na:1.8.0_371]
	at java.util.stream.ForEachOps$ForEachOp$OfRef.evaluateSequential(ForEachOps.java:174) ~[na:1.8.0_371]
	at java.util.stream.AbstractPipeline.evaluate(AbstractPipeline.java:234) ~[na:1.8.0_371]
	at java.util.stream.ReferencePipeline.forEach(ReferencePipeline.java:418) ~[na:1.8.0_371]
	at org.junit.vintage.engine.VintageTestEngine.executeAllChildren(VintageTestEngine.java:82) ~[junit-vintage-engine-5.6.3.jar:5.6.3]
	at org.junit.vintage.engine.VintageTestEngine.execute(VintageTestEngine.java:73) ~[junit-vintage-engine-5.6.3.jar:5.6.3]
	at org.junit.platform.launcher.core.DefaultLauncher.execute(DefaultLauncher.java:220) ~[junit-platform-launcher-1.3.1.jar:1.3.1]
	at org.junit.platform.launcher.core.DefaultLauncher.lambda$execute$6(DefaultLauncher.java:188) ~[junit-platform-launcher-1.3.1.jar:1.3.1]
	at org.junit.platform.launcher.core.DefaultLauncher.withInterceptedStreams(DefaultLauncher.java:202) ~[junit-platform-launcher-1.3.1.jar:1.3.1]
	at org.junit.platform.launcher.core.DefaultLauncher.execute(DefaultLauncher.java:181) ~[junit-platform-launcher-1.3.1.jar:1.3.1]
	at org.junit.platform.launcher.core.DefaultLauncher.execute(DefaultLauncher.java:128) ~[junit-platform-launcher-1.3.1.jar:1.3.1]
	at org.apache.maven.surefire.junitplatform.JUnitPlatformProvider.invokeAllTests(JUnitPlatformProvider.java:150) ~[surefire-junit-platform-2.22.2.jar:2.22.2]
	at org.apache.maven.surefire.junitplatform.JUnitPlatformProvider.invoke(JUnitPlatformProvider.java:124) ~[surefire-junit-platform-2.22.2.jar:2.22.2]
	at org.apache.maven.surefire.booter.ForkedBooter.invokeProviderInSameClassLoader(ForkedBooter.java:384) ~[surefire-booter-2.22.2.jar:2.22.2]
	at org.apache.maven.surefire.booter.ForkedBooter.runSuitesInProcess(ForkedBooter.java:345) ~[surefire-booter-2.22.2.jar:2.22.2]
	at org.apache.maven.surefire.booter.ForkedBooter.execute(ForkedBooter.java:126) ~[surefire-booter-2.22.2.jar:2.22.2]
	at org.apache.maven.surefire.booter.ForkedBooter.main(ForkedBooter.java:418) ~[surefire-booter-2.22.2.jar:2.22.2]
Caused by: org.springframework.beans.factory.UnsatisfiedDependencyException: Error creating bean with name 'articleSearchServiceImpl': Unsatisfied dependency expressed through field 'restHighLevelClient'; nested exception is org.springframework.beans.factory.BeanCreationException: Error creating bean with name 'client' defined in class path resource [com/heima/search/config/ElasticSearchConfig.class]: Bean instantiation via factory method failed; nested exception is org.springframework.beans.BeanInstantiationException: Failed to instantiate [org.elasticsearch.client.RestHighLevelClient]: Factory method 'client' threw exception; nested exception is java.lang.IllegalArgumentException: Host name may not be null
	at org.springframework.beans.factory.annotation.AutowiredAnnotationBeanPostProcessor$AutowiredFieldElement.resolveFieldValue(AutowiredAnnotationBeanPostProcessor.java:660) ~[spring-beans-5.2.13.RELEASE.jar:5.2.13.RELEASE]
	at org.springframework.beans.factory.annotation.AutowiredAnnotationBeanPostProcessor$AutowiredFieldElement.inject(AutowiredAnnotationBeanPostProcessor.java:640) ~[spring-beans-5.2.13.RELEASE.jar:5.2.13.RELEASE]
	at org.springframework.beans.factory.annotation.InjectionMetadata.inject(InjectionMetadata.java:119) ~[spring-beans-5.2.13.RELEASE.jar:5.2.13.RELEASE]
	at org.springframework.beans.factory.annotation.AutowiredAnnotationBeanPostProcessor.postProcessProperties(AutowiredAnnotationBeanPostProcessor.java:399) ~[spring-beans-5.2.13.RELEASE.jar:5.2.13.RELEASE]
	at org.springframework.beans.factory.support.AbstractAutowireCapableBeanFactory.populateBean(AbstractAutowireCapableBeanFactory.java:1425) ~[spring-beans-5.2.13.RELEASE.jar:5.2.13.RELEASE]
	at org.springframework.beans.factory.support.AbstractAutowireCapableBeanFactory.doCreateBean(AbstractAutowireCapableBeanFactory.java:593) ~[spring-beans-5.2.13.RELEASE.jar:5.2.13.RELEASE]
	at org.springframework.beans.factory.support.AbstractAutowireCapableBeanFactory.createBean(AbstractAutowireCapableBeanFactory.java:516) ~[spring-beans-5.2.13.RELEASE.jar:5.2.13.RELEASE]
	at org.springframework.beans.factory.support.AbstractBeanFactory.lambda$doGetBean$0(AbstractBeanFactory.java:324) ~[spring-beans-5.2.13.RELEASE.jar:5.2.13.RELEASE]
	at org.springframework.beans.factory.support.DefaultSingletonBeanRegistry.getSingleton(DefaultSingletonBeanRegistry.java:234) ~[spring-beans-5.2.13.RELEASE.jar:5.2.13.RELEASE]
	at org.springframework.beans.factory.support.AbstractBeanFactory.doGetBean(AbstractBeanFactory.java:322) ~[spring-beans-5.2.13.RELEASE.jar:5.2.13.RELEASE]
	at org.springframework.beans.factory.support.AbstractBeanFactory.getBean(AbstractBeanFactory.java:202) ~[spring-beans-5.2.13.RELEASE.jar:5.2.13.RELEASE]
	at org.springframework.beans.factory.config.DependencyDescriptor.resolveCandidate(DependencyDescriptor.java:276) ~[spring-beans-5.2.13.RELEASE.jar:5.2.13.RELEASE]
	at org.springframework.beans.factory.support.DefaultListableBeanFactory.doResolveDependency(DefaultListableBeanFactory.java:1307) ~[spring-beans-5.2.13.RELEASE.jar:5.2.13.RELEASE]
	at org.springframework.beans.factory.support.DefaultListableBeanFactory.resolveDependency(DefaultListableBeanFactory.java:1227) ~[spring-beans-5.2.13.RELEASE.jar:5.2.13.RELEASE]
	at org.springframework.beans.factory.annotation.AutowiredAnnotationBeanPostProcessor$AutowiredFieldElement.resolveFieldValue(AutowiredAnnotationBeanPostProcessor.java:657) ~[spring-beans-5.2.13.RELEASE.jar:5.2.13.RELEASE]
	... 65 common frames omitted
Caused by: org.springframework.beans.factory.BeanCreationException: Error creating bean with name 'client' defined in class path resource [com/heima/search/config/ElasticSearchConfig.class]: Bean instantiation via factory method failed; nested exception is org.springframework.beans.BeanInstantiationException: Failed to instantiate [org.elasticsearch.client.RestHighLevelClient]: Factory method 'client' threw exception; nested exception is java.lang.IllegalArgumentException: Host name may not be null
	at org.springframework.beans.factory.support.ConstructorResolver.instantiate(ConstructorResolver.java:657) ~[spring-beans-5.2.13.RELEASE.jar:5.2.13.RELEASE]
	at org.springframework.beans.factory.support.ConstructorResolver.instantiateUsingFactoryMethod(ConstructorResolver.java:485) ~[spring-beans-5.2.13.RELEASE.jar:5.2.13.RELEASE]
	at org.springframework.beans.factory.support.AbstractAutowireCapableBeanFactory.instantiateUsingFactoryMethod(AbstractAutowireCapableBeanFactory.java:1341) ~[spring-beans-5.2.13.RELEASE.jar:5.2.13.RELEASE]
	at org.springframework.beans.factory.support.AbstractAutowireCapableBeanFactory.createBeanInstance(AbstractAutowireCapableBeanFactory.java:1181) ~[spring-beans-5.2.13.RELEASE.jar:5.2.13.RELEASE]
	at org.springframework.beans.factory.support.AbstractAutowireCapableBeanFactory.doCreateBean(AbstractAutowireCapableBeanFactory.java:556) ~[spring-beans-5.2.13.RELEASE.jar:5.2.13.RELEASE]
	at org.springframework.beans.factory.support.AbstractAutowireCapableBeanFactory.createBean(AbstractAutowireCapableBeanFactory.java:516) ~[spring-beans-5.2.13.RELEASE.jar:5.2.13.RELEASE]
	at org.springframework.beans.factory.support.AbstractBeanFactory.lambda$doGetBean$0(AbstractBeanFactory.java:324) ~[spring-beans-5.2.13.RELEASE.jar:5.2.13.RELEASE]
	at org.springframework.beans.factory.support.DefaultSingletonBeanRegistry.getSingleton(DefaultSingletonBeanRegistry.java:234) ~[spring-beans-5.2.13.RELEASE.jar:5.2.13.RELEASE]
	at org.springframework.beans.factory.support.AbstractBeanFactory.doGetBean(AbstractBeanFactory.java:322) ~[spring-beans-5.2.13.RELEASE.jar:5.2.13.RELEASE]
	at org.springframework.beans.factory.support.AbstractBeanFactory.getBean(AbstractBeanFactory.java:202) ~[spring-beans-5.2.13.RELEASE.jar:5.2.13.RELEASE]
	at org.springframework.beans.factory.config.DependencyDescriptor.resolveCandidate(DependencyDescriptor.java:276) ~[spring-beans-5.2.13.RELEASE.jar:5.2.13.RELEASE]
	at org.springframework.beans.factory.support.DefaultListableBeanFactory.doResolveDependency(DefaultListableBeanFactory.java:1307) ~[spring-beans-5.2.13.RELEASE.jar:5.2.13.RELEASE]
	at org.springframework.beans.factory.support.DefaultListableBeanFactory.resolveDependency(DefaultListableBeanFactory.java:1227) ~[spring-beans-5.2.13.RELEASE.jar:5.2.13.RELEASE]
	at org.springframework.beans.factory.annotation.AutowiredAnnotationBeanPostProcessor$AutowiredFieldElement.resolveFieldValue(AutowiredAnnotationBeanPostProcessor.java:657) ~[spring-beans-5.2.13.RELEASE.jar:5.2.13.RELEASE]
	... 79 common frames omitted
Caused by: org.springframework.beans.BeanInstantiationException: Failed to instantiate [org.elasticsearch.client.RestHighLevelClient]: Factory method 'client' threw exception; nested exception is java.lang.IllegalArgumentException: Host name may not be null
	at org.springframework.beans.factory.support.SimpleInstantiationStrategy.instantiate(SimpleInstantiationStrategy.java:185) ~[spring-beans-5.2.13.RELEASE.jar:5.2.13.RELEASE]
	at org.springframework.beans.factory.support.ConstructorResolver.instantiate(ConstructorResolver.java:652) ~[spring-beans-5.2.13.RELEASE.jar:5.2.13.RELEASE]
	... 92 common frames omitted
Caused by: java.lang.IllegalArgumentException: Host name may not be null
	at org.apache.http.util.Args.containsNoBlanks(Args.java:81) ~[httpcore-4.4.14.jar:4.4.14]
	at org.apache.http.HttpHost.<init>(HttpHost.java:80) ~[httpcore-4.4.14.jar:4.4.14]
	at com.heima.search.config.ElasticSearchConfig.client(ElasticSearchConfig.java:24) ~[classes/:na]
	at com.heima.search.config.ElasticSearchConfig$$EnhancerBySpringCGLIB$$ca77a02b.CGLIB$client$0(<generated>) ~[classes/:na]
	at com.heima.search.config.ElasticSearchConfig$$EnhancerBySpringCGLIB$$ca77a02b$$FastClassBySpringCGLIB$$8adf41d8.invoke(<generated>) ~[classes/:na]
	at org.springframework.cglib.proxy.MethodProxy.invokeSuper(MethodProxy.java:244) ~[spring-core-5.2.13.RELEASE.jar:5.2.13.RELEASE]
	at org.springframework.context.annotation.ConfigurationClassEnhancer$BeanMethodInterceptor.intercept(ConfigurationClassEnhancer.java:331) ~[spring-context-5.2.13.RELEASE.jar:5.2.13.RELEASE]
	at com.heima.search.config.ElasticSearchConfig$$EnhancerBySpringCGLIB$$ca77a02b.client(<generated>) ~[classes/:na]
	at sun.reflect.NativeMethodAccessorImpl.invoke0(Native Method) ~[na:1.8.0_371]
	at sun.reflect.NativeMethodAccessorImpl.invoke(NativeMethodAccessorImpl.java:62) ~[na:1.8.0_371]
	at sun.reflect.DelegatingMethodAccessorImpl.invoke(DelegatingMethodAccessorImpl.java:43) ~[na:1.8.0_371]
	at java.lang.reflect.Method.invoke(Method.java:498) ~[na:1.8.0_371]
	at org.springframework.beans.factory.support.SimpleInstantiationStrategy.instantiate(SimpleInstantiationStrategy.java:154) ~[spring-beans-5.2.13.RELEASE.jar:5.2.13.RELEASE]
	... 93 common frames omitted

2024-03-26 21:42:35.221 ERROR 5336 --- [           main] o.s.test.context.TestContextManager      : Caught exception while allowing TestExecutionListener [org.springframework.test.context.web.ServletTestExecutionListener@465232e9] to prepare test instance [com.heima.search.test.ArticleESTest@310d57b1]

java.lang.IllegalStateException: Failed to load ApplicationContext
	at org.springframework.test.context.cache.DefaultCacheAwareContextLoaderDelegate.loadContext(DefaultCacheAwareContextLoaderDelegate.java:132) ~[spring-test-5.2.13.RELEASE.jar:5.2.13.RELEASE]
	at org.springframework.test.context.support.DefaultTestContext.getApplicationContext(DefaultTestContext.java:123) ~[spring-test-5.2.13.RELEASE.jar:5.2.13.RELEASE]
	at org.springframework.test.context.web.ServletTestExecutionListener.setUpRequestContextIfNecessary(ServletTestExecutionListener.java:190) ~[spring-test-5.2.13.RELEASE.jar:5.2.13.RELEASE]
	at org.springframework.test.context.web.ServletTestExecutionListener.prepareTestInstance(ServletTestExecutionListener.java:132) ~[spring-test-5.2.13.RELEASE.jar:5.2.13.RELEASE]
	at org.springframework.test.context.TestContextManager.prepareTestInstance(TestContextManager.java:244) ~[spring-test-5.2.13.RELEASE.jar:5.2.13.RELEASE]
	at org.springframework.test.context.junit4.SpringJUnit4ClassRunner.createTest(SpringJUnit4ClassRunner.java:227) [spring-test-5.2.13.RELEASE.jar:5.2.13.RELEASE]
	at org.springframework.test.context.junit4.SpringJUnit4ClassRunner$1.runReflectiveCall(SpringJUnit4ClassRunner.java:289) [spring-test-5.2.13.RELEASE.jar:5.2.13.RELEASE]
	at org.junit.internal.runners.model.ReflectiveCallable.run(ReflectiveCallable.java:12) [junit-4.12.jar:4.12]
	at org.springframework.test.context.junit4.SpringJUnit4ClassRunner.methodBlock(SpringJUnit4ClassRunner.java:291) [spring-test-5.2.13.RELEASE.jar:5.2.13.RELEASE]
	at org.springframework.test.context.junit4.SpringJUnit4ClassRunner.runChild(SpringJUnit4ClassRunner.java:246) [spring-test-5.2.13.RELEASE.jar:5.2.13.RELEASE]
	at org.springframework.test.context.junit4.SpringJUnit4ClassRunner.runChild(SpringJUnit4ClassRunner.java:97) [spring-test-5.2.13.RELEASE.jar:5.2.13.RELEASE]
	at org.junit.runners.ParentRunner$3.run(ParentRunner.java:290) [junit-4.12.jar:4.12]
	at org.junit.runners.ParentRunner$1.schedule(ParentRunner.java:71) [junit-4.12.jar:4.12]
	at org.junit.runners.ParentRunner.runChildren(ParentRunner.java:288) [junit-4.12.jar:4.12]
	at org.junit.runners.ParentRunner.access$000(ParentRunner.java:58) [junit-4.12.jar:4.12]
	at org.junit.runners.ParentRunner$2.evaluate(ParentRunner.java:268) [junit-4.12.jar:4.12]
	at org.springframework.test.context.junit4.statements.RunBeforeTestClassCallbacks.evaluate(RunBeforeTestClassCallbacks.java:61) [spring-test-5.2.13.RELEASE.jar:5.2.13.RELEASE]
	at org.springframework.test.context.junit4.statements.RunAfterTestClassCallbacks.evaluate(RunAfterTestClassCallbacks.java:70) [spring-test-5.2.13.RELEASE.jar:5.2.13.RELEASE]
	at org.junit.runners.ParentRunner.run(ParentRunner.java:363) [junit-4.12.jar:4.12]
	at org.springframework.test.context.junit4.SpringJUnit4ClassRunner.run(SpringJUnit4ClassRunner.java:190) [spring-test-5.2.13.RELEASE.jar:5.2.13.RELEASE]
	at org.junit.runner.JUnitCore.run(JUnitCore.java:137) [junit-4.12.jar:4.12]
	at org.junit.runner.JUnitCore.run(JUnitCore.java:115) [junit-4.12.jar:4.12]
	at org.junit.vintage.engine.execution.RunnerExecutor.execute(RunnerExecutor.java:43) [junit-vintage-engine-5.6.3.jar:5.6.3]
	at java.util.stream.ForEachOps$ForEachOp$OfRef.accept(ForEachOps.java:184) ~[na:1.8.0_371]
	at java.util.stream.ReferencePipeline$3$1.accept(ReferencePipeline.java:193) ~[na:1.8.0_371]
	at java.util.Iterator.forEachRemaining(Iterator.java:116) ~[na:1.8.0_371]
	at java.util.Spliterators$IteratorSpliterator.forEachRemaining(Spliterators.java:1801) ~[na:1.8.0_371]
	at java.util.stream.AbstractPipeline.copyInto(AbstractPipeline.java:482) ~[na:1.8.0_371]
	at java.util.stream.AbstractPipeline.wrapAndCopyInto(AbstractPipeline.java:472) ~[na:1.8.0_371]
	at java.util.stream.ForEachOps$ForEachOp.evaluateSequential(ForEachOps.java:151) ~[na:1.8.0_371]
	at java.util.stream.ForEachOps$ForEachOp$OfRef.evaluateSequential(ForEachOps.java:174) ~[na:1.8.0_371]
	at java.util.stream.AbstractPipeline.evaluate(AbstractPipeline.java:234) ~[na:1.8.0_371]
	at java.util.stream.ReferencePipeline.forEach(ReferencePipeline.java:418) ~[na:1.8.0_371]
	at org.junit.vintage.engine.VintageTestEngine.executeAllChildren(VintageTestEngine.java:82) ~[junit-vintage-engine-5.6.3.jar:5.6.3]
	at org.junit.vintage.engine.VintageTestEngine.execute(VintageTestEngine.java:73) ~[junit-vintage-engine-5.6.3.jar:5.6.3]
	at org.junit.platform.launcher.core.DefaultLauncher.execute(DefaultLauncher.java:220) ~[junit-platform-launcher-1.3.1.jar:1.3.1]
	at org.junit.platform.launcher.core.DefaultLauncher.lambda$execute$6(DefaultLauncher.java:188) ~[junit-platform-launcher-1.3.1.jar:1.3.1]
	at org.junit.platform.launcher.core.DefaultLauncher.withInterceptedStreams(DefaultLauncher.java:202) ~[junit-platform-launcher-1.3.1.jar:1.3.1]
	at org.junit.platform.launcher.core.DefaultLauncher.execute(DefaultLauncher.java:181) ~[junit-platform-launcher-1.3.1.jar:1.3.1]
	at org.junit.platform.launcher.core.DefaultLauncher.execute(DefaultLauncher.java:128) ~[junit-platform-launcher-1.3.1.jar:1.3.1]
	at org.apache.maven.surefire.junitplatform.JUnitPlatformProvider.invokeAllTests(JUnitPlatformProvider.java:150) ~[surefire-junit-platform-2.22.2.jar:2.22.2]
	at org.apache.maven.surefire.junitplatform.JUnitPlatformProvider.invoke(JUnitPlatformProvider.java:124) ~[surefire-junit-platform-2.22.2.jar:2.22.2]
	at org.apache.maven.surefire.booter.ForkedBooter.invokeProviderInSameClassLoader(ForkedBooter.java:384) ~[surefire-booter-2.22.2.jar:2.22.2]
	at org.apache.maven.surefire.booter.ForkedBooter.runSuitesInProcess(ForkedBooter.java:345) ~[surefire-booter-2.22.2.jar:2.22.2]
	at org.apache.maven.surefire.booter.ForkedBooter.execute(ForkedBooter.java:126) ~[surefire-booter-2.22.2.jar:2.22.2]
	at org.apache.maven.surefire.booter.ForkedBooter.main(ForkedBooter.java:418) ~[surefire-booter-2.22.2.jar:2.22.2]
Caused by: org.springframework.beans.factory.UnsatisfiedDependencyException: Error creating bean with name 'articleSearchController': Unsatisfied dependency expressed through field 'articleSearchService'; nested exception is org.springframework.beans.factory.UnsatisfiedDependencyException: Error creating bean with name 'articleSearchServiceImpl': Unsatisfied dependency expressed through field 'restHighLevelClient'; nested exception is org.springframework.beans.factory.BeanCreationException: Error creating bean with name 'client' defined in class path resource [com/heima/search/config/ElasticSearchConfig.class]: Bean instantiation via factory method failed; nested exception is org.springframework.beans.BeanInstantiationException: Failed to instantiate [org.elasticsearch.client.RestHighLevelClient]: Factory method 'client' threw exception; nested exception is java.lang.IllegalArgumentException: Host name may not be null
	at org.springframework.beans.factory.annotation.AutowiredAnnotationBeanPostProcessor$AutowiredFieldElement.resolveFieldValue(AutowiredAnnotationBeanPostProcessor.java:660) ~[spring-beans-5.2.13.RELEASE.jar:5.2.13.RELEASE]
	at org.springframework.beans.factory.annotation.AutowiredAnnotationBeanPostProcessor$AutowiredFieldElement.inject(AutowiredAnnotationBeanPostProcessor.java:640) ~[spring-beans-5.2.13.RELEASE.jar:5.2.13.RELEASE]
	at org.springframework.beans.factory.annotation.InjectionMetadata.inject(InjectionMetadata.java:119) ~[spring-beans-5.2.13.RELEASE.jar:5.2.13.RELEASE]
	at org.springframework.beans.factory.annotation.AutowiredAnnotationBeanPostProcessor.postProcessProperties(AutowiredAnnotationBeanPostProcessor.java:399) ~[spring-beans-5.2.13.RELEASE.jar:5.2.13.RELEASE]
	at org.springframework.beans.factory.support.AbstractAutowireCapableBeanFactory.populateBean(AbstractAutowireCapableBeanFactory.java:1425) ~[spring-beans-5.2.13.RELEASE.jar:5.2.13.RELEASE]
	at org.springframework.beans.factory.support.AbstractAutowireCapableBeanFactory.doCreateBean(AbstractAutowireCapableBeanFactory.java:593) ~[spring-beans-5.2.13.RELEASE.jar:5.2.13.RELEASE]
	at org.springframework.beans.factory.support.AbstractAutowireCapableBeanFactory.createBean(AbstractAutowireCapableBeanFactory.java:516) ~[spring-beans-5.2.13.RELEASE.jar:5.2.13.RELEASE]
	at org.springframework.beans.factory.support.AbstractBeanFactory.lambda$doGetBean$0(AbstractBeanFactory.java:324) ~[spring-beans-5.2.13.RELEASE.jar:5.2.13.RELEASE]
	at org.springframework.beans.factory.support.DefaultSingletonBeanRegistry.getSingleton(DefaultSingletonBeanRegistry.java:234) ~[spring-beans-5.2.13.RELEASE.jar:5.2.13.RELEASE]
	at org.springframework.beans.factory.support.AbstractBeanFactory.doGetBean(AbstractBeanFactory.java:322) ~[spring-beans-5.2.13.RELEASE.jar:5.2.13.RELEASE]
	at org.springframework.beans.factory.support.AbstractBeanFactory.getBean(AbstractBeanFactory.java:202) ~[spring-beans-5.2.13.RELEASE.jar:5.2.13.RELEASE]
	at org.springframework.beans.factory.support.DefaultListableBeanFactory.preInstantiateSingletons(DefaultListableBeanFactory.java:897) ~[spring-beans-5.2.13.RELEASE.jar:5.2.13.RELEASE]
	at org.springframework.context.support.AbstractApplicationContext.finishBeanFactoryInitialization(AbstractApplicationContext.java:879) ~[spring-context-5.2.13.RELEASE.jar:5.2.13.RELEASE]
	at org.springframework.context.support.AbstractApplicationContext.refresh(AbstractApplicationContext.java:551) ~[spring-context-5.2.13.RELEASE.jar:5.2.13.RELEASE]
	at org.springframework.boot.SpringApplication.refresh(SpringApplication.java:758) ~[spring-boot-2.3.9.RELEASE.jar:2.3.9.RELEASE]
	at org.springframework.boot.SpringApplication.refresh(SpringApplication.java:750) ~[spring-boot-2.3.9.RELEASE.jar:2.3.9.RELEASE]
	at org.springframework.boot.SpringApplication.refreshContext(SpringApplication.java:405) ~[spring-boot-2.3.9.RELEASE.jar:2.3.9.RELEASE]
	at org.springframework.boot.SpringApplication.run(SpringApplication.java:315) ~[spring-boot-2.3.9.RELEASE.jar:2.3.9.RELEASE]
	at org.springframework.boot.test.context.SpringBootContextLoader.loadContext(SpringBootContextLoader.java:120) ~[spring-boot-test-2.3.9.RELEASE.jar:2.3.9.RELEASE]
	at org.springframework.test.context.cache.DefaultCacheAwareContextLoaderDelegate.loadContextInternal(DefaultCacheAwareContextLoaderDelegate.java:99) ~[spring-test-5.2.13.RELEASE.jar:5.2.13.RELEASE]
	at org.springframework.test.context.cache.DefaultCacheAwareContextLoaderDelegate.loadContext(DefaultCacheAwareContextLoaderDelegate.java:124) ~[spring-test-5.2.13.RELEASE.jar:5.2.13.RELEASE]
	... 45 common frames omitted
Caused by: org.springframework.beans.factory.UnsatisfiedDependencyException: Error creating bean with name 'articleSearchServiceImpl': Unsatisfied dependency expressed through field 'restHighLevelClient'; nested exception is org.springframework.beans.factory.BeanCreationException: Error creating bean with name 'client' defined in class path resource [com/heima/search/config/ElasticSearchConfig.class]: Bean instantiation via factory method failed; nested exception is org.springframework.beans.BeanInstantiationException: Failed to instantiate [org.elasticsearch.client.RestHighLevelClient]: Factory method 'client' threw exception; nested exception is java.lang.IllegalArgumentException: Host name may not be null
	at org.springframework.beans.factory.annotation.AutowiredAnnotationBeanPostProcessor$AutowiredFieldElement.resolveFieldValue(AutowiredAnnotationBeanPostProcessor.java:660) ~[spring-beans-5.2.13.RELEASE.jar:5.2.13.RELEASE]
	at org.springframework.beans.factory.annotation.AutowiredAnnotationBeanPostProcessor$AutowiredFieldElement.inject(AutowiredAnnotationBeanPostProcessor.java:640) ~[spring-beans-5.2.13.RELEASE.jar:5.2.13.RELEASE]
	at org.springframework.beans.factory.annotation.InjectionMetadata.inject(InjectionMetadata.java:119) ~[spring-beans-5.2.13.RELEASE.jar:5.2.13.RELEASE]
	at org.springframework.beans.factory.annotation.AutowiredAnnotationBeanPostProcessor.postProcessProperties(AutowiredAnnotationBeanPostProcessor.java:399) ~[spring-beans-5.2.13.RELEASE.jar:5.2.13.RELEASE]
	at org.springframework.beans.factory.support.AbstractAutowireCapableBeanFactory.populateBean(AbstractAutowireCapableBeanFactory.java:1425) ~[spring-beans-5.2.13.RELEASE.jar:5.2.13.RELEASE]
	at org.springframework.beans.factory.support.AbstractAutowireCapableBeanFactory.doCreateBean(AbstractAutowireCapableBeanFactory.java:593) ~[spring-beans-5.2.13.RELEASE.jar:5.2.13.RELEASE]
	at org.springframework.beans.factory.support.AbstractAutowireCapableBeanFactory.createBean(AbstractAutowireCapableBeanFactory.java:516) ~[spring-beans-5.2.13.RELEASE.jar:5.2.13.RELEASE]
	at org.springframework.beans.factory.support.AbstractBeanFactory.lambda$doGetBean$0(AbstractBeanFactory.java:324) ~[spring-beans-5.2.13.RELEASE.jar:5.2.13.RELEASE]
	at org.springframework.beans.factory.support.DefaultSingletonBeanRegistry.getSingleton(DefaultSingletonBeanRegistry.java:234) ~[spring-beans-5.2.13.RELEASE.jar:5.2.13.RELEASE]
	at org.springframework.beans.factory.support.AbstractBeanFactory.doGetBean(AbstractBeanFactory.java:322) ~[spring-beans-5.2.13.RELEASE.jar:5.2.13.RELEASE]
	at org.springframework.beans.factory.support.AbstractBeanFactory.getBean(AbstractBeanFactory.java:202) ~[spring-beans-5.2.13.RELEASE.jar:5.2.13.RELEASE]
	at org.springframework.beans.factory.config.DependencyDescriptor.resolveCandidate(DependencyDescriptor.java:276) ~[spring-beans-5.2.13.RELEASE.jar:5.2.13.RELEASE]
	at org.springframework.beans.factory.support.DefaultListableBeanFactory.doResolveDependency(DefaultListableBeanFactory.java:1307) ~[spring-beans-5.2.13.RELEASE.jar:5.2.13.RELEASE]
	at org.springframework.beans.factory.support.DefaultListableBeanFactory.resolveDependency(DefaultListableBeanFactory.java:1227) ~[spring-beans-5.2.13.RELEASE.jar:5.2.13.RELEASE]
	at org.springframework.beans.factory.annotation.AutowiredAnnotationBeanPostProcessor$AutowiredFieldElement.resolveFieldValue(AutowiredAnnotationBeanPostProcessor.java:657) ~[spring-beans-5.2.13.RELEASE.jar:5.2.13.RELEASE]
	... 65 common frames omitted
Caused by: org.springframework.beans.factory.BeanCreationException: Error creating bean with name 'client' defined in class path resource [com/heima/search/config/ElasticSearchConfig.class]: Bean instantiation via factory method failed; nested exception is org.springframework.beans.BeanInstantiationException: Failed to instantiate [org.elasticsearch.client.RestHighLevelClient]: Factory method 'client' threw exception; nested exception is java.lang.IllegalArgumentException: Host name may not be null
	at org.springframework.beans.factory.support.ConstructorResolver.instantiate(ConstructorResolver.java:657) ~[spring-beans-5.2.13.RELEASE.jar:5.2.13.RELEASE]
	at org.springframework.beans.factory.support.ConstructorResolver.instantiateUsingFactoryMethod(ConstructorResolver.java:485) ~[spring-beans-5.2.13.RELEASE.jar:5.2.13.RELEASE]
	at org.springframework.beans.factory.support.AbstractAutowireCapableBeanFactory.instantiateUsingFactoryMethod(AbstractAutowireCapableBeanFactory.java:1341) ~[spring-beans-5.2.13.RELEASE.jar:5.2.13.RELEASE]
	at org.springframework.beans.factory.support.AbstractAutowireCapableBeanFactory.createBeanInstance(AbstractAutowireCapableBeanFactory.java:1181) ~[spring-beans-5.2.13.RELEASE.jar:5.2.13.RELEASE]
	at org.springframework.beans.factory.support.AbstractAutowireCapableBeanFactory.doCreateBean(AbstractAutowireCapableBeanFactory.java:556) ~[spring-beans-5.2.13.RELEASE.jar:5.2.13.RELEASE]
	at org.springframework.beans.factory.support.AbstractAutowireCapableBeanFactory.createBean(AbstractAutowireCapableBeanFactory.java:516) ~[spring-beans-5.2.13.RELEASE.jar:5.2.13.RELEASE]
	at org.springframework.beans.factory.support.AbstractBeanFactory.lambda$doGetBean$0(AbstractBeanFactory.java:324) ~[spring-beans-5.2.13.RELEASE.jar:5.2.13.RELEASE]
	at org.springframework.beans.factory.support.DefaultSingletonBeanRegistry.getSingleton(DefaultSingletonBeanRegistry.java:234) ~[spring-beans-5.2.13.RELEASE.jar:5.2.13.RELEASE]
	at org.springframework.beans.factory.support.AbstractBeanFactory.doGetBean(AbstractBeanFactory.java:322) ~[spring-beans-5.2.13.RELEASE.jar:5.2.13.RELEASE]
	at org.springframework.beans.factory.support.AbstractBeanFactory.getBean(AbstractBeanFactory.java:202) ~[spring-beans-5.2.13.RELEASE.jar:5.2.13.RELEASE]
	at org.springframework.beans.factory.config.DependencyDescriptor.resolveCandidate(DependencyDescriptor.java:276) ~[spring-beans-5.2.13.RELEASE.jar:5.2.13.RELEASE]
	at org.springframework.beans.factory.support.DefaultListableBeanFactory.doResolveDependency(DefaultListableBeanFactory.java:1307) ~[spring-beans-5.2.13.RELEASE.jar:5.2.13.RELEASE]
	at org.springframework.beans.factory.support.DefaultListableBeanFactory.resolveDependency(DefaultListableBeanFactory.java:1227) ~[spring-beans-5.2.13.RELEASE.jar:5.2.13.RELEASE]
	at org.springframework.beans.factory.annotation.AutowiredAnnotationBeanPostProcessor$AutowiredFieldElement.resolveFieldValue(AutowiredAnnotationBeanPostProcessor.java:657) ~[spring-beans-5.2.13.RELEASE.jar:5.2.13.RELEASE]
	... 79 common frames omitted
Caused by: org.springframework.beans.BeanInstantiationException: Failed to instantiate [org.elasticsearch.client.RestHighLevelClient]: Factory method 'client' threw exception; nested exception is java.lang.IllegalArgumentException: Host name may not be null
	at org.springframework.beans.factory.support.SimpleInstantiationStrategy.instantiate(SimpleInstantiationStrategy.java:185) ~[spring-beans-5.2.13.RELEASE.jar:5.2.13.RELEASE]
	at org.springframework.beans.factory.support.ConstructorResolver.instantiate(ConstructorResolver.java:652) ~[spring-beans-5.2.13.RELEASE.jar:5.2.13.RELEASE]
	... 92 common frames omitted
Caused by: java.lang.IllegalArgumentException: Host name may not be null
	at org.apache.http.util.Args.containsNoBlanks(Args.java:81) ~[httpcore-4.4.14.jar:4.4.14]
	at org.apache.http.HttpHost.<init>(HttpHost.java:80) ~[httpcore-4.4.14.jar:4.4.14]
	at com.heima.search.config.ElasticSearchConfig.client(ElasticSearchConfig.java:24) ~[classes/:na]
	at com.heima.search.config.ElasticSearchConfig$$EnhancerBySpringCGLIB$$ca77a02b.CGLIB$client$0(<generated>) ~[classes/:na]
	at com.heima.search.config.ElasticSearchConfig$$EnhancerBySpringCGLIB$$ca77a02b$$FastClassBySpringCGLIB$$8adf41d8.invoke(<generated>) ~[classes/:na]
	at org.springframework.cglib.proxy.MethodProxy.invokeSuper(MethodProxy.java:244) ~[spring-core-5.2.13.RELEASE.jar:5.2.13.RELEASE]
	at org.springframework.context.annotation.ConfigurationClassEnhancer$BeanMethodInterceptor.intercept(ConfigurationClassEnhancer.java:331) ~[spring-context-5.2.13.RELEASE.jar:5.2.13.RELEASE]
	at com.heima.search.config.ElasticSearchConfig$$EnhancerBySpringCGLIB$$ca77a02b.client(<generated>) ~[classes/:na]
	at sun.reflect.NativeMethodAccessorImpl.invoke0(Native Method) ~[na:1.8.0_371]
	at sun.reflect.NativeMethodAccessorImpl.invoke(NativeMethodAccessorImpl.java:62) ~[na:1.8.0_371]
	at sun.reflect.DelegatingMethodAccessorImpl.invoke(DelegatingMethodAccessorImpl.java:43) ~[na:1.8.0_371]
	at java.lang.reflect.Method.invoke(Method.java:498) ~[na:1.8.0_371]
	at org.springframework.beans.factory.support.SimpleInstantiationStrategy.instantiate(SimpleInstantiationStrategy.java:154) ~[spring-beans-5.2.13.RELEASE.jar:5.2.13.RELEASE]
	... 93 common frames omitted

]]></system-out>
    <system-err><![CDATA[SLF4J: Class path contains multiple SLF4J bindings.
SLF4J: Found binding in [jar:file:/C:/workspace/JAVA_LEARN/hmMavenRepo/respository_new/ch/qos/logback/logback-classic/1.2.3/logback-classic-1.2.3.jar!/org/slf4j/impl/StaticLoggerBinder.class]
SLF4J: Found binding in [jar:file:/C:/workspace/JAVA_LEARN/hmMavenRepo/respository_new/org/apache/logging/log4j/log4j-slf4j-impl/2.13.3/log4j-slf4j-impl-2.13.3.jar!/org/slf4j/impl/StaticLoggerBinder.class]
SLF4J: See http://www.slf4j.org/codes.html#multiple_bindings for an explanation.
SLF4J: Actual binding is of type [ch.qos.logback.classic.util.ContextSelectorStaticBinder]
]]></system-err>
  </testcase>
</testsuite>